   SW   perc perc perc  query              position in query     matching   repeat             position in repeat
score   div. del. ins.  sequence           begin end    (left)   repeat     class/family     begin  end    (left)  ID

  681   35.2 10.5  1.1  Ga_NC_058133.1.fa    182   600 (49401) C L2d        LINE/L2            (21)   3404   2947   1  
  260   32.5  1.2  0.0  Ga_NC_058133.1.fa    620   699 (49302) C L2d        LINE/L2           (549)   2870   2790   1  
  478   36.8  2.1  2.1  Ga_NC_058133.1.fa    920  1158 (48843) C L2d        LINE/L2           (926)   2493   2255   1  
  213   27.6  1.7  0.0  Ga_NC_058133.1.fa   1722  1779 (48222) + L2d        LINE/L2            3100   3158  (267)   2  
  847   23.4  3.0 10.8  Ga_NC_058133.1.fa   1902  2169 (47832) + MIRb       SINE/MIR             13    261    (7)   3  
  231   34.1  3.7  0.0  Ga_NC_058133.1.fa   2227  2308 (47693) + L2d        LINE/L2            3341   3425    (0)   2  
  404   26.3  4.6  2.9  Ga_NC_058133.1.fa   3270  3599 (46402) C L1MEj      LINE/L1          (3739)   2407   2067   4  
  259   28.8 21.7  1.8  Ga_NC_058133.1.fa   4160  4297 (45704) C MIRc       SINE/MIR           (76)    192     28   5  
  234   27.6 14.5  0.0  Ga_NC_058133.1.fa   4680  4755 (45246) + MIR3       SINE/MIR            104    190   (18)   6  
  378   22.6  4.8  1.7  Ga_NC_058133.1.fa   5934  6068 (43933) C MIR        SINE/MIR          (131)    137      2   7  
  599   33.7  2.9  0.8  Ga_NC_058133.1.fa   6075  6418 (43583) C L1M5       LINE/L1           (464)   5660   5310   8  
  532   25.7 15.5  2.4  Ga_NC_058133.1.fa   6798  7016 (42985) C MIRc       SINE/MIR            (0)    268     22   9  
  734   29.6  6.4  1.3  Ga_NC_058133.1.fa   7450  7668 (42333) C L3         LINE/CR1           (69)   4030   3801  10  
  325   27.5  8.9  2.3  Ga_NC_058133.1.fa   7701  7823 (42178) + MIRc       SINE/MIR             10    140  (128)  11  
  495   20.4  8.3  6.8  Ga_NC_058133.1.fa   8009  8154 (41847) + MIRc       SINE/MIR             71    223   (45)  12  
  425   25.9  5.6  0.0  Ga_NC_058133.1.fa   8304  8411 (41590) C L2a        LINE/L2             (9)   3417   3304  13  
  315   18.7  8.6  1.1  Ga_NC_058133.1.fa  10992 11072 (38929) C L2a        LINE/L2             (4)   3422   3336  14  
  353   37.9 16.9  0.0  Ga_NC_058133.1.fa  13138 13450 (36551) C L2d        LINE/L2             (4)   3460   3061  15  
  358   26.5  6.8  3.7  Ga_NC_058133.1.fa  13738 13908 (36093) C MIR3       SINE/MIR           (21)    187      9  16  
  216   37.2  6.8  1.5  Ga_NC_058133.1.fa  14099 14289 (35712) + L2         LINE/L2            2567   2767  (652)  17  
  253   25.6  2.3  1.1  Ga_NC_058133.1.fa  15089 15175 (34826) C MamRep434  DNA/TcMar-Tigger    (6)    420    333  18  
  404   28.1  3.8  9.7  Ga_NC_058133.1.fa  15176 15360 (34641) C L2c        LINE/L2             (7)   3380   3206  19  
  202   31.9  3.1  4.1  Ga_NC_058133.1.fa  16556 16653 (33348) C L2         LINE/L2          (2422)    997    901  20  
  398   28.6 12.4  2.8  Ga_NC_058133.1.fa  16676 16869 (33132) + MIRc       SINE/MIR             43    254   (14)  21  
  267   35.0  3.6  2.4  Ga_NC_058133.1.fa  17071 17237 (32764) C L2         LINE/L2          (2851)    568    400  20  
  283   37.2  5.8  3.8  Ga_NC_058133.1.fa  17611 17920 (32081) C L2c        LINE/L2           (449)   2970   2655  19  
  238   37.3  5.3  5.6  Ga_NC_058133.1.fa  17988 18345 (31656) + L2c        LINE/L2             783   1139 (2280)  22  
  608   34.8 15.3  1.8  Ga_NC_058133.1.fa  18373 19331 (30670) + L2c        LINE/L2            1223   2308 (1111)  22  
  358   26.4  0.0  6.1  Ga_NC_058133.1.fa  19416 19536 (30465) C MIRc       SINE/MIR          (153)    115      2  23  
  389   27.7  0.0  2.7  Ga_NC_058133.1.fa  19621 19735 (30266) C MIRc       SINE/MIR          (153)    115      4  24  
  734   37.1  6.7  2.9  Ga_NC_058133.1.fa  19737 20573 (29428) + L2c        LINE/L2            2317   3192  (272)  22  
  230   32.5  1.2  2.4  Ga_NC_058133.1.fa  20585 20669 (29332) + L2c        LINE/L2            3271   3354   (33)  22  
  378   29.7  3.0  7.3  Ga_NC_058133.1.fa  20706 20905 (29096) + L3         LINE/CR1           3734   3925  (174)  25  
  266   34.2  3.8  1.9  Ga_NC_058133.1.fa  20908 21065 (28936) + Plat_L3    LINE/CR1           3402   3562   (11)  26  
  320   12.8  1.7 10.6  Ga_NC_058133.1.fa  22229 22328 (27673) + MIR        SINE/MIR             91    193   (75)  27  
  260   31.9  6.7  1.7  Ga_NC_058133.1.fa  22348 22478 (27523) C L2a        LINE/L2             (5)   3421   3285  28 *
  307   26.3  8.1  0.0  Ga_NC_058133.1.fa  22465 22563 (27438) + L2a        LINE/L2            3320   3426    (0)  29  
  283   34.9  4.6  3.0  Ga_NC_058133.1.fa  22706 22835 (27166) C MamRTE1    LINE/RTE-BovB    (1531)   2281   2150  30  
  343   27.0 17.4  0.7  Ga_NC_058133.1.fa  23112 23274 (26727) + MIRb       SINE/MIR             19    203    (5)  31  
  415   19.0 17.3  0.7  Ga_NC_058133.1.fa  23466 23592 (26409) C MIRc       SINE/MIR            (3)    265    118  32  
  413   29.0 12.2  2.8  Ga_NC_058133.1.fa  28313 28493 (21508) C MIR3       SINE/MIR            (3)    205      9  33  
  459   28.3  0.7  2.7  Ga_NC_058133.1.fa  28545 28693 (21308) + L3         LINE/CR1           2696   2841 (1258)  34  
  494   33.0  0.6  4.0  Ga_NC_058133.1.fa  28744 28926 (21075) C L3         LINE/CR1         (1168)   2931   2755  35  
  259   24.6  0.0  1.5  Ga_NC_058133.1.fa  28955 29020 (20981) C CR1-12_AMi LINE/CR1          (112)    502    438  36  
  297   28.6  0.2 13.1  Ga_NC_058133.1.fa  29316 29442 (20559) C MIRc       SINE/MIR            (0)    268    145  37  
  671   19.3  0.7  2.6  Ga_NC_058133.1.fa  29736 29889 (20112) + Charlie4   DNA/hAT-Charlie    3228   3378    (0)  38  
  301    7.7  0.0  0.0  Ga_NC_058133.1.fa  29938 29976 (20025) C EutTc1-N2  DNA/TcMar-Tc1     (338)     40      2  39  
  423   15.3 25.6  0.6  Ga_NC_058133.1.fa  30473 30597 (19404) C Charlie4a  DNA/hAT-Charlie     (1)    507    352  40  
  483   30.7  2.7  0.7  Ga_NC_058133.1.fa  31561 31726 (18275) + MIR3       SINE/MIR             11    176   (32)  41  
  497   27.7  5.4  0.0  Ga_NC_058133.1.fa  32191 32320 (17681) + MIRc       SINE/MIR             10    146  (122)  42  
  391   24.6  7.6 10.7  Ga_NC_058133.1.fa  32449 32653 (17348) C MIR3       SINE/MIR            (2)    206      9  43  
  785   33.6  3.8  2.5  Ga_NC_058133.1.fa  32732 33241 (16760) + L2d2       LINE/L2            2663   3126  (338)  44  
  213   34.1  5.6  2.1  Ga_NC_058133.1.fa  33294 33383 (16618) C L3b        LINE/CR1          (580)   4652   4560  45  
  241   35.2  5.6  0.0  Ga_NC_058133.1.fa  33475 33599 (16402) C Plat_L3    LINE/CR1          (796)   2777   2646  46  
  466   30.6 11.0  0.0  Ga_NC_058133.1.fa  33775 33947 (16054) C MIRc       SINE/MIR           (75)    193      2  47  
  232   25.0  5.0  0.0  Ga_NC_058133.1.fa  34102 34161 (15840) C Charlie4   DNA/hAT-Charlie     (0)   3378   3316  48  
  373   17.9  1.3  0.0  Ga_NC_058133.1.fa  34184 34261 (15740) C Charlie4a  DNA/hAT-Charlie   (378)    130     52  40  
  231   38.0  8.0  2.2  Ga_NC_058133.1.fa  34852 35026 (14975) C Tigger19a  DNA/TcMar-Tigger  (135)    188      4  49  
  280   10.0  0.0  0.0  Ga_NC_058133.1.fa  35374 35413 (14588) + EutTc1-N2  DNA/TcMar-Tc1         1     40  (338)  50  
  243   16.3  2.0  2.0  Ga_NC_058133.1.fa  35443 35492 (14509) + EutTc1-N1  DNA/TcMar-Tc1       539    588    (0)  51  
  202   28.8  3.0  1.5  Ga_NC_058133.1.fa  35502 35568 (14433) C MIR3       SINE/MIR            (6)    202    135  52  
  242   24.5  2.2  8.3  Ga_NC_058133.1.fa  35922 36010 (13991) C Charlie4a  DNA/hAT-Charlie     (1)    507    424  53 *
  435   25.4  6.3  0.8  Ga_NC_058133.1.fa  36005 36131 (13870) C Charlie4a  DNA/hAT-Charlie   (368)    140      7  53  
  544   19.1  0.0  3.6  Ga_NC_058133.1.fa  36710 36823 (13178) C UCON33     DNA/TcMar-Tigger    (4)    316    207  54  
  478   26.5 11.4  4.1  Ga_NC_058133.1.fa  36831 37035 (12966) + MIRc       SINE/MIR              2    205    (3)  55  
  308   26.2  2.4  2.4  Ga_NC_058133.1.fa  38041 38122 (11879) C MIR3       SINE/MIR            (0)    208    127  56  
  299   35.7  0.7  4.5  Ga_NC_058133.1.fa  38794 38931 (11070) C MIRc       SINE/MIR           (46)    222     90  57  
  530   32.0 10.9  1.8  Ga_NC_058133.1.fa  39037 39449 (10552) C Mam_R4     LINE/Dong-R4      (135)   3674   3225  58  
  652   28.9  0.0  5.4  Ga_NC_058133.1.fa  40127 40320  (9681) C MIR3       SINE/MIR           (21)    187      4  59  
  340   32.5 17.4  1.1  Ga_NC_058133.1.fa  40944 41173  (8828) C L2d        LINE/L2            (25)   3400   3134  60  
  927   28.6  0.9  3.6  Ga_NC_058133.1.fa  41192 41507  (8494) + L3         LINE/CR1           2656   2963 (1136)  61  
  225   36.2  9.2  1.5  Ga_NC_058133.1.fa  41590 41774  (8227) + L3         LINE/CR1           3207   3405  (694)  61  
 1169   24.8  7.5  2.3  Ga_NC_058133.1.fa  42861 43235  (6766) + L5         LINE/RTE-X         1870   2263    (0)  62  
  410   33.3  1.6  1.6  Ga_NC_058133.1.fa  43412 43539  (6462) C MIRc       SINE/MIR          (124)    144     17  63  
  658   31.9  0.0  1.1  Ga_NC_058133.1.fa  45121 45307  (4694) + MIR3       SINE/MIR              3    187   (21)  64  
  376   27.3  8.2  0.0  Ga_NC_058133.1.fa  45575 45684  (4317) + MIRb       SINE/MIR             12    130  (138)  65  
  207   18.6  0.0  2.3  Ga_NC_058133.1.fa  47788 47831  (2170) + L3         LINE/CR1           4056   4098    (1)  66  
  676   28.2  0.6  0.6  Ga_NC_058133.1.fa  47842 48016  (1985) C MamRep605b LTR                (66)    835    661  67  
  771   27.6  1.1  1.1  Ga_NC_058133.1.fa  48100 48286  (1715) + MIR3       SINE/MIR             20    206    (2)  68  
  220   27.3  9.3  2.2  Ga_NC_058133.1.fa  49224 49309   (692) C MIR3       SINE/MIR            (3)    205    114  69  
  338   29.2  4.3  1.8  Ga_NC_058133.1.fa  49496 49659   (342) + Plat_L3    LINE/CR1           3402   3569    (4)  70  
