   SW   perc perc perc  query              position in query     matching   repeat             position in repeat
score   div. del. ins.  sequence           begin end    (left)   repeat     class/family     begin  end    (left)  ID

  438   26.8  5.3  8.6  Tv_NC_050576.1.fa     29   387 (49614) C L1ME4b     LINE/L1           (488)   5657   5310   1  
  507   27.8 18.2  0.0  Tv_NC_050576.1.fa    766   974 (49027) C MIRc       SINE/MIR            (0)    268     22   2  
  342   29.7  7.7  1.6  Tv_NC_050576.1.fa   1439  1619 (48382) C CR1-3_Croc LINE/CR1          (630)   2975   2784   3  
  215   34.9  2.3  0.0  Tv_NC_050576.1.fa   1625  1710 (48291) + L3         LINE/CR1           4009   4096    (3)   4  
  460   27.8  4.7  2.6  Tv_NC_050576.1.fa   1794  1941 (48060) + MIRc       SINE/MIR             86    236   (32)   5  
  333   28.2  5.0  1.6  Tv_NC_050576.1.fa   2068  2186 (47815) C L2a        LINE/L2             (0)   3426   3304   6  
  314   21.2  3.1  1.6  Tv_NC_050576.1.fa   3799  3894 (46107) C DNM1r      Unknown          (2098)   2564   2478   7 *
  438   20.0  0.0  0.0  Tv_NC_050576.1.fa   3814  3923 (46078) C RLTR17B_Mm LTR/ERVK          (379)    423    314   8  
  267   29.5  6.3  5.4  Tv_NC_050576.1.fa   4153  4596 (45405) C L1P1       LINE/L1          (4428)   1925   1334   9  
  266   32.5  8.5  0.8  Tv_NC_050576.1.fa   6677  6794 (43207) C L2a        LINE/L2             (4)   3422   3296  10  
  219   25.0  0.0  0.0  Tv_NC_050576.1.fa   8744  8787 (41214) + L3b        LINE/CR1           5178   5221   (11)  11  
  396   31.0 19.1  0.3  Tv_NC_050576.1.fa   8895  9156 (40845) C L2d        LINE/L2            (82)   3343   3033  12  
  294   24.8  1.9  2.8  Tv_NC_050576.1.fa   9995 10102 (39899) C DNM1r      Unknown          (2080)   2582   2476  13 *
  495   18.8  6.9  0.0  Tv_NC_050576.1.fa  10032 10175 (39826) C RLTR17B_Mm LTR/ERVK          (387)    415    262  14  
  292   34.1  3.4  2.7  Tv_NC_050576.1.fa  10405 10826 (39175) C L1MEj      LINE/L1          (4428)   1925   1293  15  
  540   27.0  2.5  0.1  Tv_NC_050576.1.fa  12300 12467 (37534) C MIR3       SINE/MIR           (21)    187     21  16  
  246   21.8  3.4  2.2  Tv_NC_050576.1.fa  13589 13677 (36324) C MamRep434  DNA/TcMar-Tigger    (7)    419    330  17  
  460   30.3  4.1  9.8  Tv_NC_050576.1.fa  13682 13853 (36148) C L2d2       LINE/L2            (19)   3445   3206  18  
  201   32.2  7.4  2.9  Tv_NC_050576.1.fa  15007 15169 (34832) C L2         LINE/L2          (2353)   1066    897  19  
  558   31.4  5.6  4.3  Tv_NC_050576.1.fa  15179 15428 (34573) + MIRc       SINE/MIR             16    268    (0)  20  
  502   37.8  2.6  1.3  Tv_NC_050576.1.fa  16435 16745 (33256) C L2d2       LINE/L2           (446)   2973   2659  18  
  283   34.7 18.6  1.6  Tv_NC_050576.1.fa  16829 17698 (32303) + L2d2       LINE/L2             790   1805 (1614)  21  
  577   20.6  2.3  6.5  Tv_NC_050576.1.fa  17759 17912 (32089) C MIRc       SINE/MIR          (120)    148      1  22  
  649   22.2  1.5  0.7  Tv_NC_050576.1.fa  17989 18124 (31877) + MIRc       SINE/MIR             10    146  (122)  23  
 1622   36.4  8.4  0.7  Tv_NC_050576.1.fa  18217 19387 (30614) + L2d2       LINE/L2            1920   3189  (275)  21  
  300   30.5  1.2  1.2  Tv_NC_050576.1.fa  19403 19485 (30516) + L2d2       LINE/L2            3272   3354   (33)  21  
  352   33.2  3.0  4.0  Tv_NC_050576.1.fa  19514 19714 (30287) + L3         LINE/CR1           3702   3900  (199)  24  
  360   30.3 15.4  0.5  Tv_NC_050576.1.fa  19720 19888 (30113) + Plat_L3    LINE/CR1           3369   3562   (11)  25  
  414   23.3  4.2 12.5  Tv_NC_050576.1.fa  19894 20109 (29892) C MamRep434  DNA/TcMar-Tigger  (112)    314    115  17  
  362   34.3  5.3  0.7  Tv_NC_050576.1.fa  20962 21093 (28908) C Mam_R4     LINE/Dong-R4      (552)   3257   3120  26  
  295   20.9  1.3  6.8  Tv_NC_050576.1.fa  21094 21170 (28831) + MIR        SINE/MIR            111    183   (79)  27  
  302   29.6  3.7  0.9  Tv_NC_050576.1.fa  21241 21349 (28652) + L2a        LINE/L2            3315   3426    (0)  28  
  252   39.7  4.8  0.0  Tv_NC_050576.1.fa  21492 21617 (28384) C MamRTE1    LINE/RTE-BovB    (1531)   2281   2150  29  
  206   25.5  9.1  4.8  Tv_NC_050576.1.fa  21626 21724 (28277) C L2d2       LINE/L2             (5)   3459   3357  30  
  425   28.6  5.8  0.8  Tv_NC_050576.1.fa  21907 22026 (27975) + MIRc       SINE/MIR             14    139  (129)  31  
  356   23.3 21.5  2.1  Tv_NC_050576.1.fa  22280 22437 (27564) C MIRc       SINE/MIR            (5)    263     76  32  
  225   29.8  3.2  0.8  Tv_NC_050576.1.fa  28980 29072 (20929) C L2d2       LINE/L2             (3)   3461   3334  33  
  604   24.4  8.0  4.1  Tv_NC_050576.1.fa  29094 29287 (20714) C MIR3       SINE/MIR            (3)    205      1  34  
  408   30.9  0.4 11.8  Tv_NC_050576.1.fa  29332 29566 (20435) + L3         LINE/CR1           2696   2906 (1193)  35  
  241   26.5  1.2  9.1  Tv_NC_050576.1.fa  29857 29939 (20062) C CR1-3_Croc LINE/CR1         (1710)   1895   1819  36  
  635   32.0 11.8  5.4  Tv_NC_050576.1.fa  29942 30636 (19365) C L3         LINE/CR1         (1283)   2816   2080  37  
  359   21.6  4.5  0.0  Tv_NC_050576.1.fa  31098 31185 (18816) C MIRc       SINE/MIR            (5)    263    172  38  
  686   17.3  0.7  3.3  Tv_NC_050576.1.fa  31486 31640 (18361) + Charlie4a  DNA/hAT-Charlie     358    508    (0)  39  
  301   11.1  0.0  0.0  Tv_NC_050576.1.fa  31724 31768 (18233) C EutTc1-N1  DNA/TcMar-Tc1     (424)    164    120  40  
  537   15.3 17.5  0.0  Tv_NC_050576.1.fa  32308 32444 (17557) C Charlie4a  DNA/hAT-Charlie     (0)    508    348  41  
  198   20.5  0.0  6.1  Tv_NC_050576.1.fa  32874 32925 (17076) C MamSINE1   SINE/tRNA-RTE      (38)    252    204  42  
  451   31.2  7.3  1.6  Tv_NC_050576.1.fa  33251 33429 (16572) + MIR3       SINE/MIR             14    202    (6)  43  
  249    6.5  0.0  0.0  Tv_NC_050576.1.fa  33677 33707 (16294) C EutTc1-N2  DNA/TcMar-Tc1       (4)    374    344  44  
  419   29.0  2.5  1.1  Tv_NC_050576.1.fa  33727 33870 (16131) + MIR3       SINE/MIR             39    176   (32)  45  
  395   25.0 11.1 11.1  Tv_NC_050576.1.fa  34405 34566 (15435) C MIR3       SINE/MIR            (2)    206     45  46  
  508   35.7  5.1  3.6  Tv_NC_050576.1.fa  34598 34952 (15049) + L2         LINE/L2            2679   3038  (381)  47  
  235   36.8  1.7  1.7  Tv_NC_050576.1.fa  34998 35113 (14888) + L2         LINE/L2            2685   2800  (619)  48  
  333   28.2 20.8  3.2  Tv_NC_050576.1.fa  35206 35469 (14532) C Plat_L3    LINE/CR1          (619)   2954   2646  49  
  470   29.5 19.7  1.2  Tv_NC_050576.1.fa  35658 35870 (14131) C MIRc       SINE/MIR            (0)    268     17  50  
  308   14.7 12.0  0.0  Tv_NC_050576.1.fa  36055 36129 (13872) C Charlie4a  DNA/hAT-Charlie     (0)    508    425  51  
  342   19.7  0.0  0.0  Tv_NC_050576.1.fa  36139 36209 (13792) C Charlie4a  DNA/hAT-Charlie   (384)    124     54  41  
  945   28.5  0.8  2.0  Tv_NC_050576.1.fa  36438 36688 (13313) + MIRc       SINE/MIR              4    251   (17)  52  
  223   37.7  1.0  8.8  Tv_NC_050576.1.fa  37225 37419 (12582) C Tigger19a  DNA/TcMar-Tigger   (85)    238     58  53  
  247   12.8  2.1  2.1  Tv_NC_050576.1.fa  37592 37639 (12362) C EutTc1-N1  DNA/TcMar-Tc1     (425)    163    116  40  
  246   27.8  2.7  2.7  Tv_NC_050576.1.fa  37653 37726 (12275) C MIR3       SINE/MIR            (0)    208    135  54  
  394   19.9  0.0 12.8  Tv_NC_050576.1.fa  38509 38623 (11378) C Charlie4a  DNA/hAT-Charlie     (0)    508    407  55 *
  661   19.4  0.0  0.8  Tv_NC_050576.1.fa  38602 38731 (11270) C Charlie4a  DNA/hAT-Charlie   (378)    130      2  55  
  570   18.6  0.0  3.5  Tv_NC_050576.1.fa  39308 39424 (10577) C UCON33     DNA/TcMar-Tigger    (1)    319    207  56  
  555   22.4 11.1  5.3  Tv_NC_050576.1.fa  39432 39627 (10374) + MIR3       SINE/MIR              2    205    (3)  57  
  230   29.6 12.8  2.9  Tv_NC_050576.1.fa  40685 40778  (9223) C MIRc       SINE/MIR          (163)    105      3  58  
  298   35.9  0.8  0.8  Tv_NC_050576.1.fa  41427 41544  (8457) C MIRc       SINE/MIR           (58)    210     93  59  
  710   30.9 10.8  0.7  Tv_NC_050576.1.fa  41667 42074  (7927) C Mam_R4     LINE/Dong-R4      (136)   3673   3225  60  
  712   25.0  0.6  1.3  Tv_NC_050576.1.fa  42762 42946  (7055) C MIRc       SINE/MIR           (24)    184      2  61  
  363   32.1 18.1  0.6  Tv_NC_050576.1.fa  43553 43828  (6173) C L2d        LINE/L2            (25)   3400   3077  62  
  281   35.4  0.0  7.0  Tv_NC_050576.1.fa  43836 44002  (5999) + L3         LINE/CR1           2658   2813 (1286)  63  
  277   33.5  2.9  1.7  Tv_NC_050576.1.fa  44003 44208  (5793) + X20_LINE   LINE/CR1             13    128  (125)  64  
  460   31.3 17.0  2.0  Tv_NC_050576.1.fa  44209 44590  (5411) + L3         LINE/CR1           3028   3465  (634)  63  
 1357   24.1  4.8  2.0  Tv_NC_050576.1.fa  47055 47452  (2549) + L5         LINE/RTE-X         1855   2263    (0)  65  
  264   36.8 11.0  0.6  Tv_NC_050576.1.fa  47610 47754  (2247) C MIRc       SINE/MIR           (92)    176     17  66  
  658   26.3  2.1  0.7  Tv_NC_050576.1.fa  49422 49614   (387) + MIR3       SINE/MIR             12    205    (3)  67  
  273   21.4 24.3  0.0  Tv_NC_050576.1.fa  49863 49965    (36) + MIRb       SINE/MIR              3    130  (138)  68  
