   SW   perc perc perc  query       position in query     matching       repeat          position in repeat
score   div. del. ins.  sequence    begin end    (left)   repeat         class/family  begin  end    (left)  ID

  407   20.3  1.2  2.5  Ta_chr4.fa    370   450 (49551) + L2b            LINE/L2         3296   3375    (0)   1  
  268   22.4  1.2 11.5  Ta_chr4.fa    643   728 (49273) C L2a            LINE/L2          (0)   3426   3349   2  
  248   14.6  0.6  0.0  Ta_chr4.fa    901   952 (49049) C L2d2           LINE/L2         (18)   3446   3374   3 *
  420   27.4  0.0  5.5  Ta_chr4.fa    950  1079 (48922) + L2d2           LINE/L2         3277   3440   (24)   4  
  511   27.7  2.3  4.5  Ta_chr4.fa   1182  1388 (48613) + MIR3           SINE/MIR          40    253   (15)   5  
  936   15.3  0.1  0.2  Ta_chr4.fa   1424  1599 (48402) + MIR1_Amn       SINE/MIR           2    174   (94)   6  
  189   13.6 16.7  0.0  Ta_chr4.fa   1591  1656 (48345) + L2c            LINE/L2         3273   3349   (38)   7 *
  180   32.8  4.2  4.2  Ta_chr4.fa   1789  1906 (48095) C L2d2           LINE/L2        (304)   3160   3043   8  
  265   34.6  6.9  0.0  Ta_chr4.fa   2370  2470 (47531) + MamRTE1        LINE/RTE-BovB    172    279 (3533)   9  
  393   33.6  0.7  0.0  Ta_chr4.fa   2506  2648 (47353) + MamRTE1        LINE/RTE-BovB    293    436 (3376)   9  
  874   12.1  4.3  0.0  Ta_chr4.fa   3130  3269 (46732) + MIRb           SINE/MIR           9    154  (114)  10  
  309   18.1 15.2  3.9  Ta_chr4.fa   3272  3363 (46638) + L2b            LINE/L2         3255   3356   (19)  11 *
  371   16.1  0.0  0.0  Ta_chr4.fa   3320  3375 (46626) + MIR            SINE/MIR         206    261    (1)  10  
  546   25.4  3.4  3.4  Ta_chr4.fa   3432  3610 (46391) + L2a            LINE/L2         3248   3426    (0)  12  
  191   16.7  0.0  0.0  Ta_chr4.fa   3661  3696 (46305) C MIR1_Amn       SINE/MIR       (177)     53     18  13 *
  504   22.6  7.1 10.2  Ta_chr4.fa   3668  3879 (46122) + MIRb           SINE/MIR          63    268    (0)  14  
 1030   22.9  4.4  0.0  Ta_chr4.fa   4010  4258 (45743) C MIR            SINE/MIR         (1)    261      2  15  
  356   24.4  1.3  0.0  Ta_chr4.fa   4391  4468 (45533) + L2a            LINE/L2         3344   3422    (4)  16  
  205   23.1  3.9  0.0  Ta_chr4.fa   4483  4534 (45467) C L2d            LINE/L2          (3)   3422   3369  17  
  973   18.6  7.5  4.2  Ta_chr4.fa   4709  4961 (45040) C MIR            SINE/MIR         (0)    262      2  18  
  215   22.5  0.0  4.1  Ta_chr4.fa   4999  5049 (44952) + L2d2           LINE/L2         3352   3400   (64)  19  
  669    7.1  0.0  0.0  Ta_chr4.fa   5055  5153 (44848) + MIR1_Amn       SINE/MIR          55    153   (77)  20  
  412   22.8  0.8 13.9  Ta_chr4.fa   5157  5278 (44723) + L2b            LINE/L2         3256   3363   (12)  21  
  245   20.7  1.6  5.1  Ta_chr4.fa   5302  5362 (44639) + L2b            LINE/L2         3367   3425    (0)  21  
  201   27.3  0.0  0.0  Ta_chr4.fa   5373  5416 (44585) C MamRTE1        LINE/RTE-BovB (1171)   2641   2598  22  
  524   21.4  2.1  6.9  Ta_chr4.fa   5875  6094 (43907) + L2b            LINE/L2         3218   3425    (0)  23  
  807   19.6  8.2  3.4  Ta_chr4.fa   6098  6293 (43708) + MIR            SINE/MIR          58    262    (0)  24  
  683   21.9  1.8  3.1  Ta_chr4.fa   6608  6856 (43145) C MIR1_Amn       SINE/MIR         (1)    261     23  25  
  731   25.5  5.3  0.5  Ta_chr4.fa   6875  7063 (42938) C MIR            SINE/MIR         (0)    262     65  26  
  346   12.9  0.0  1.6  Ta_chr4.fa   7082  7144 (42857) C MIR1_Amn       SINE/MIR        (59)    171    110  27  
  917   22.4  5.1  3.1  Ta_chr4.fa   7149  7401 (42600) C MIRb           SINE/MIR         (0)    268     11  28  
  633   17.9  1.7  0.1  Ta_chr4.fa   7392  7517 (42484) C MIRb           SINE/MIR       (140)    122      3  27 *
  266   26.0  0.0  0.0  Ta_chr4.fa   7610  7667 (42334) C L2b            LINE/L2         (18)   3446   3360  29  
  462   19.3  0.9  5.7  Ta_chr4.fa   7673  7782 (42219) C L2d            LINE/L2          (0)   3425   3321  30  
  290   18.9 14.1  1.9  Ta_chr4.fa   7819  7910 (42091) C L2b            LINE/L2         (18)   3357   3255  29 *
  533    9.5  2.4  0.0  Ta_chr4.fa   7905  7988 (42013) C MIR1_Amn       SINE/MIR        (67)    163     78  31  
  395   13.8  1.7  0.0  Ta_chr4.fa   8010  8067 (41934) C L2d2           LINE/L2         (17)   3447   3389  32  
  296   18.4  3.0  1.5  Ta_chr4.fa   8111  8176 (41825) C MIRb           SINE/MIR       (187)     81     15  33  
  606   26.1  3.4 10.1  Ta_chr4.fa   8228  8491 (41510) C MIR            SINE/MIR        (13)    249      2  34  
  361   16.8  5.4  2.6  Ta_chr4.fa   8570  8690 (41311) C L2b            LINE/L2          (0)   3464   3255  35 *
  552    8.9  0.0  0.0  Ta_chr4.fa   8688  8766 (41235) C MIR1_Amn       SINE/MIR        (72)    158     80  36  
  244   22.7  1.5  1.5  Ta_chr4.fa   8767  8833 (41168) C tRNA-Ala-GCY_v tRNA             (2)     73      7  37  
  279   17.0  0.0  3.8  Ta_chr4.fa   8887  8941 (41060) C MIRb           SINE/MIR         (0)    268    216  38  
  347   14.3  1.8  0.0  Ta_chr4.fa   8966  9021 (40980) C MIR            SINE/MIR         (0)    262    206  39 *
  365   18.8  0.2  0.6  Ta_chr4.fa   8978  9044 (40957) C L2b            LINE/L2         (19)   3445   3387  35  
  555   10.5  0.0  0.0  Ta_chr4.fa   9070  9145 (40856) C MIR            SINE/MIR       (113)    149     74  40  
  233   24.2  1.5  1.5  Ta_chr4.fa   9146  9212 (40789) C tRNA-Ala-GCY_v tRNA             (2)     73      7  41  
 1011   19.2  6.3  3.5  Ta_chr4.fa   9269  9522 (40479) C MIR            SINE/MIR         (0)    262      2  42  
  308   20.7  1.7  1.3  Ta_chr4.fa   9542  9616 (40385) + L2d2           LINE/L2         3308   3446   (18)  43  
  418   21.1  2.5  6.8  Ta_chr4.fa   9767  9888 (40113) C L2b            LINE/L2          (1)   3374   3258  35  
  946   20.5  6.8  3.1  Ta_chr4.fa   9954 10205 (39796) + MIR            SINE/MIR           2    262    (0)  44  
  458   22.4  7.9  1.0  Ta_chr4.fa  10207 10329 (39672) + L2d2           LINE/L2         3283   3446   (18)  45  
  383   25.5  1.9  4.8  Ta_chr4.fa  10332 10438 (39563) + L2d2           LINE/L2         3360   3463    (1)  46  
  464   22.5  2.4  4.1  Ta_chr4.fa  10623 10747 (39254) C L2b            LINE/L2          (0)   3375   3253  47  
  613   27.1  4.8 10.6  Ta_chr4.fa  10902 11321 (38680) C L2d2           LINE/L2          (4)   3460   3063  48  
  444   17.9  1.9 11.2  Ta_chr4.fa  11329 11435 (38566) + L2d2           LINE/L2         3364   3461    (3)  49  
  472   22.7  1.6  3.3  Ta_chr4.fa  11564 11686 (38315) + L2d            LINE/L2         3302   3422    (3)  50  
  527   23.3  2.8  5.1  Ta_chr4.fa  11731 11911 (38090) + L2d            LINE/L2         3246   3422    (3)  51  
  182   22.7  0.0 10.0  Ta_chr4.fa  11922 11965 (38036) C L2a            LINE/L2         (17)   3409   3370  52 *
  476   22.3  2.2  7.4  Ta_chr4.fa  11953 12136 (37865) + L2b            LINE/L2         3211   3423    (3)  53  
  396   15.8  1.4  2.9  Ta_chr4.fa  12126 12207 (37794) + L2b            LINE/L2         3304   3426    (0)  53 *
  263   20.0  0.0  0.0  Ta_chr4.fa  12316 12360 (37641) C L2d2           LINE/L2         (18)   3446   3402  54  
  316   20.4  0.0  4.7  Ta_chr4.fa  12469 12535 (37466) + MIRb           SINE/MIR         190    253   (15)  55 *
  397   14.9  3.0  0.0  Ta_chr4.fa  12486 12552 (37449) + L2b            LINE/L2         3354   3422    (3)  53  
  768   23.4  7.6  3.2  Ta_chr4.fa  12564 12801 (37200) + MIR            SINE/MIR           2    249   (13)  56  
  343   15.8  0.0  3.5  Ta_chr4.fa  12837 12895 (37106) C MIR            SINE/MIR         (0)    262    206  57  
  805   26.4  2.7  1.9  Ta_chr4.fa  12920 13178 (36823) C MIR            SINE/MIR         (0)    262      2  58  
  235   13.2  2.6  0.0  Ta_chr4.fa  13227 13264 (36737) C MIR            SINE/MIR         (0)    262    224  59  
  804   23.8  7.2  3.1  Ta_chr4.fa  13273 13523 (36478) C MIR            SINE/MIR         (0)    262      2  60  
  985   19.5  8.0  3.8  Ta_chr4.fa  13708 13958 (36043) + MIR            SINE/MIR           2    262    (0)  61  
  440   23.6 10.3  4.3  Ta_chr4.fa  14040 14194 (35807) C MIR            SINE/MIR         (0)    262     99  62  
  514   26.4  5.7  1.8  Ta_chr4.fa  14201 14358 (35643) C MIR            SINE/MIR         (0)    262     99  63  
  694   23.8  5.0  0.5  Ta_chr4.fa  14374 14555 (35446) C MIR            SINE/MIR         (0)    262     73  64  
  536   17.1  2.4  6.7  Ta_chr4.fa  14560 14683 (35318) + L2b            LINE/L2         3238   3356   (19)  65  
 1038   22.3  5.4  3.0  Ta_chr4.fa  14684 14942 (35059) + MIRb           SINE/MIR           4    268    (0)  66  
  542   26.3  6.4  0.6  Ta_chr4.fa  14946 15102 (34899) + MIR            SINE/MIR          97    262    (0)  67  
  318    9.9  3.5  0.2  Ta_chr4.fa  15104 15160 (34841) + MIR1_Amn       SINE/MIR         100    163   (67)  68  
  194   21.2 10.6  5.0  Ta_chr4.fa  15166 15231 (34770) + L2d2           LINE/L2         3367   3446   (18)  69  
  321   17.1  1.6  0.2  Ta_chr4.fa  15248 15317 (34684) C MIRb           SINE/MIR       (186)     82      7  70 *
  426   22.8  2.5  4.3  Ta_chr4.fa  15310 15428 (34573) C L2b            LINE/L2         (18)   3446   3255  71  
  333   22.0  0.9  2.2  Ta_chr4.fa  15441 15537 (34464) + L2d2           LINE/L2         3264   3446   (18)  72  
  528   21.5  4.0  7.9  Ta_chr4.fa  15851 16072 (33929) + L2a            LINE/L2         3211   3424    (2)  73  
  187   26.3  3.5  0.0  Ta_chr4.fa  16081 16137 (33864) + L2c            LINE/L2         3267   3325   (62)  74 *
  512   23.4  2.4  6.0  Ta_chr4.fa  16132 16357 (33644) C L2d            LINE/L2          (0)   3425   3217  75  
  384   22.1  3.4  5.1  Ta_chr4.fa  16364 16482 (33519) C L2b            LINE/L2         (18)   3446   3259  71  
  486   19.3  3.2  4.9  Ta_chr4.fa  16517 16641 (33360) C L2b            LINE/L2          (0)   3375   3253  71  
  451   22.6  0.8  5.6  Ta_chr4.fa  16695 16825 (33176) C L2d            LINE/L2          (0)   3425   3301  76  
  287   19.4  3.3 10.6  Ta_chr4.fa  16879 17042 (32959) C L2d            LINE/L2          (3)   3461   3211  77  
  392   22.1  3.4  5.1  Ta_chr4.fa  17048 17166 (32835) C L2b            LINE/L2          (0)   3375   3259  78  
  431   21.8  2.9  2.9  Ta_chr4.fa  17201 17304 (32697) C L2a            LINE/L2          (0)   3426   3323  79  
  226   25.0  0.0  0.0  Ta_chr4.fa  17300 17351 (32650) C MIR            SINE/MIR         (5)    257    206  80 *
  263   15.8  0.5  0.0  Ta_chr4.fa  17315 17357 (32644) C L2a            LINE/L2         (26)   3438   3401  79  
  262   17.8  2.2  0.0  Ta_chr4.fa  17366 17410 (32591) + L2d2           LINE/L2         3397   3442   (22)  81  
  943   23.3  5.5  3.0  Ta_chr4.fa  17412 17668 (32333) + MIRb           SINE/MIR           6    268    (0)  82  
  873   21.6  1.9  0.5  Ta_chr4.fa  17712 17971 (32030) C MIRb           SINE/MIR         (1)    261      2  83  
  338   22.0  8.0  5.6  Ta_chr4.fa  17973 18057 (31944) + L2a            LINE/L2         3177   3293  (133)  84  
  316   14.8  0.0  0.0  Ta_chr4.fa  18058 18111 (31890) + MIR1_Amn       SINE/MIR         116    169   (61)  85  
  338   22.0  8.0  5.6  Ta_chr4.fa  18112 18192 (31809) + L2a            LINE/L2         3294   3408   (18)  84  
  327   17.2  0.5  0.7  Ta_chr4.fa  18196 18320 (31681) + MIRb           SINE/MIR           4    169   (61)  86  
  358   15.9  1.5  4.7  Ta_chr4.fa  18334 18399 (31602) + L2a            LINE/L2         3345   3408   (18)  87  
  915   22.5  5.3  2.8  Ta_chr4.fa  18401 18647 (31354) + MIRb           SINE/MIR           1    253   (15)  88  
  404   26.4  8.2  4.6  Ta_chr4.fa  18662 18808 (31193) + MIRb           SINE/MIR         117    268    (0)  89  
  312   22.4  1.2  4.3  Ta_chr4.fa  18872 18954 (31047) + L2a            LINE/L2         3345   3461    (3)  90  
  323   19.1  1.5  4.7  Ta_chr4.fa  19012 19077 (30924) + L2a            LINE/L2         3345   3408   (18)  91  
  310   20.7  1.5  4.7  Ta_chr4.fa  19155 19220 (30781) + L2a            LINE/L2         3345   3408   (18)  92  
  312   20.7  1.5  4.7  Ta_chr4.fa  19308 19373 (30628) + L2a            LINE/L2         3345   3408   (18)  93  
  312   20.7  1.5  4.7  Ta_chr4.fa  19481 19546 (30455) + L2a            LINE/L2         3345   3408   (18)  94  
  296   19.6  1.8  0.0  Ta_chr4.fa  19625 19680 (30321) + MIR            SINE/MIR         206    262    (0)  86  
  315   19.1  1.5  4.7  Ta_chr4.fa  19773 19838 (30163) + L2a            LINE/L2         3345   3408   (18)  95  
  276   23.9  1.5  4.7  Ta_chr4.fa  19931 19996 (30005) + L2a            LINE/L2         3345   3408   (18)  96  
  299   24.4  7.2  3.8  Ta_chr4.fa  20001 20158 (29843) + L2a            LINE/L2         3273   3442   (22)  97  
  532   22.4  3.1  5.2  Ta_chr4.fa  20215 20471 (29530) + L2b            LINE/L2         3181   3446   (18)  98  
  491   25.3  2.5 10.4  Ta_chr4.fa  20532 20889 (29112) + L2b            LINE/L2         3109   3426    (0)  99  
  560   24.9  8.0  3.3  Ta_chr4.fa  20955 21272 (28729) + L2d2           LINE/L2         3112   3446   (18) 100  
  295   21.9 10.2  7.2  Ta_chr4.fa  21333 21440 (28561) + L2b            LINE/L2         3255   3365   (10) 101 *
  438   23.3  3.2  7.9  Ta_chr4.fa  21416 21690 (28311) C L2b            LINE/L2          (0)   3425   3180 102  
  414   25.0  3.0  0.0  Ta_chr4.fa  21772 21871 (28130) + L2b            LINE/L2         3273   3375    (0) 103  
  476   27.4  0.7  7.6  Ta_chr4.fa  21937 22090 (27911) C L2d2           LINE/L2          (3)   3461   3318 104  
  530   23.0  3.7  5.3  Ta_chr4.fa  22104 22320 (27681) + L2b            LINE/L2         3211   3426    (0) 105  
  603   20.8  2.3  7.1  Ta_chr4.fa  22412 22587 (27414) + L2a            LINE/L2         3259   3426    (0) 106  
  501   23.2  1.6  6.1  Ta_chr4.fa  22669 22876 (27125) + L2b            LINE/L2         3236   3426    (0) 107  
  559   22.3  6.5  5.6  Ta_chr4.fa  22882 23095 (26906) + L2a            LINE/L2         3211   3426    (0) 108  
  475   22.9  3.8  6.1  Ta_chr4.fa  23281 23532 (26469) + L2b            LINE/L2         3209   3446   (18) 109  
  449   22.4  6.2  3.8  Ta_chr4.fa  26200 26329 (23672) + L2b            LINE/L2         3241   3373    (2) 110  
  293   28.6  1.7  9.0  Ta_chr4.fa  27118 27236 (22765) + L2b            LINE/L2         3352   3462    (2) 109  
  288   25.1  1.6  1.5  Ta_chr4.fa  27215 27294 (22707) C L2b            LINE/L2         (18)   3446   3299 111 *
  196   32.2  0.0  3.6  Ta_chr4.fa  28582 28639 (21362) C MIR            SINE/MIR         (0)    262    207 112  
  379   31.4  0.0  3.3  Ta_chr4.fa  28677 28801 (21200) C L2b            LINE/L2         (24)   3351   3231 111 *
  657   17.0  6.8  0.6  Ta_chr4.fa  28790 28937 (21064) C MIR1_Amn       SINE/MIR        (67)    163      7 113  
  493   19.1 12.4  5.8  Ta_chr4.fa  29176 29353 (20648) C L2a            LINE/L2          (0)   3426   3238 114  
  212   17.0 12.8  0.0  Ta_chr4.fa  30170 30216 (19785) + MIRb           SINE/MIR           4     56  (212) 115  
  418   19.3  6.7  4.9  Ta_chr4.fa  30217 30336 (19665) + L2b            LINE/L2         3253   3374    (1) 116  
  653   23.8  4.3  7.4  Ta_chr4.fa  30338 30546 (19455) + MIRb           SINE/MIR          51    253   (15) 115  
  222   23.9  2.2  0.0  Ta_chr4.fa  30992 31037 (18964) C L2b            LINE/L2          (0)   3375   3329 117  
  210   23.9  0.0  2.2  Ta_chr4.fa  31009 31055 (18946) C L2b            LINE/L2         (18)   3446   3401 118 *
  534   30.3  7.8  4.3  Ta_chr4.fa  31535 31779 (18222) + MIRb           SINE/MIR           1    253   (15) 119  
  269   27.4  0.9  8.7  Ta_chr4.fa  31684 31795 (18206) + L2c            LINE/L2         3280   3383    (4) 120 *
  306   30.1  0.5 14.2  Ta_chr4.fa  31901 32124 (17877) + L2b            LINE/L2         3235   3446   (18) 121  
  534   23.9  3.5  9.6  Ta_chr4.fa  32286 32646 (17355) C L2b            LINE/L2         (18)   3446   3060 118  
  317   32.1  5.0  3.6  Ta_chr4.fa  32715 33095 (16906) C L2b            LINE/L2        (337)   3082   2697 118  
  740   18.8 14.5  6.1  Ta_chr4.fa  33116 33342 (16659) C MIR            SINE/MIR        (16)    246      2 122  
 1109   19.6  4.8  2.3  Ta_chr4.fa  33349 33599 (16402) C MIRb           SINE/MIR         (1)    267     11 123  
  856   27.4  2.8  6.7  Ta_chr4.fa  33640 34214 (15787) C L2-1_AMi       LINE/L2        (482)    753    200 124  
  392   26.0  5.4  5.0  Ta_chr4.fa  34278 34457 (15544) + MIR3           SINE/MIR           2    184   (46) 125  
  484   20.6  0.0  7.7  Ta_chr4.fa  34507 34632 (15369) C L2d            LINE/L2         (10)   3415   3299 126  
  653   17.7  2.3  0.8  Ta_chr4.fa  34861 34991 (15010) C MIR1_Amn       SINE/MIR        (77)    153     21 127  
  350   24.8  2.6  6.6  Ta_chr4.fa  35330 35457 (14544) C L2b            LINE/L2         (18)   3446   3250 128  
  648   23.2  1.4  0.7  Ta_chr4.fa  35473 35615 (14386) + MIR3           SINE/MIR          11    154   (54) 129  
  339   18.2  1.7  0.6  Ta_chr4.fa  35671 35740 (14261) C L2b            LINE/L2         (18)   3446   3389 128  
  391   16.9  1.4  2.8  Ta_chr4.fa  35758 35830 (14171) C L2b            LINE/L2          (0)   3375   3304 128  
  539   26.1  1.9 10.9  Ta_chr4.fa  35847 36338 (13663) C L2b            LINE/L2         (18)   3446   3022 130  
  501   21.2  0.8  5.7  Ta_chr4.fa  36365 36494 (13507) + L2d            LINE/L2         3302   3425    (0) 131  
  587   33.2  1.1  5.0  Ta_chr4.fa  36548 37114 (12887) C L2-1_AMi       LINE/L2        (251)    984    439 132  
  498   21.9  3.7  8.8  Ta_chr4.fa  37832 38046 (11955) C L2a            LINE/L2          (2)   3424   3220 133  
  282   27.1  1.4  0.0  Ta_chr4.fa  38072 38141 (11860) + L2d            LINE/L2         3352   3422    (3) 134  
  635   17.9  1.5  2.6  Ta_chr4.fa  38340 38492 (11509) + MIR3           SINE/MIR           8    154  (114) 135  
  844   21.1  9.4  2.8  Ta_chr4.fa  38519 38752 (11249) + MIR            SINE/MIR           2    250   (12) 136  
  401   24.1  0.0  3.6  Ta_chr4.fa  38773 38858 (11143) + L2d2           LINE/L2         3363   3445   (19) 137  
  886   23.6  5.0  2.9  Ta_chr4.fa  38889 39128 (10873) + MIR            SINE/MIR          18    262    (0) 138  
  877   15.0  1.9  0.6  Ta_chr4.fa  39160 39313 (10688) + MIR1_Amn       SINE/MIR           8    163   (67) 139  
  306   18.5  1.9  0.0  Ta_chr4.fa  39375 39428 (10573) + MIR            SINE/MIR         206    260    (2) 139  
  296   19.5  9.0  2.9  Ta_chr4.fa  39504 39646 (10355) + L2a            LINE/L2         3212   3343   (83) 140  
  730   26.1  6.0  1.8  Ta_chr4.fa  39731 39945 (10056) + MIR            SINE/MIR          39    262    (0) 141  
  350   25.7  3.1  5.6  Ta_chr4.fa  40107 40234  (9767) + L2a            LINE/L2         3278   3402   (24) 140  
  339    6.3  0.9  0.0  Ta_chr4.fa  40233 40287  (9714) + MIR            SINE/MIR         106    168   (62) 142 *
  388   20.4  3.9  3.6  Ta_chr4.fa  40276 40385  (9616) + L2a            LINE/L2         3256   3426    (0) 143  
  443   19.7  1.1  6.7  Ta_chr4.fa  40491 40609  (9392) C L2d2           LINE/L2          (9)   3455   3260 144  
  348   27.9  1.4  7.5  Ta_chr4.fa  40610 40757  (9244) C L2b            LINE/L2         (26)   3399   3231 145 *
  466   18.9  1.6  7.1  Ta_chr4.fa  40691 40831  (9170) C MIRc           SINE/MIR        (32)    198     63 146  
  807   21.0  7.0  5.4  Ta_chr4.fa  40842 41098  (8903) C MIR            SINE/MIR         (0)    262      2 147  
  437   22.9 11.0  6.2  Ta_chr4.fa  41392 41591  (8410) + L2a            LINE/L2         3217   3425    (1) 148  
  205   31.2  5.0  5.0  Ta_chr4.fa  41670 41770  (8231) + L2d            LINE/L2         3267   3367   (58) 149  
  858   21.7  6.2  4.6  Ta_chr4.fa  41771 42026  (7975) + MIR            SINE/MIR           3    262    (0) 150  
  451   23.8  3.6  1.8  Ta_chr4.fa  42660 42770  (7231) + L2d2           LINE/L2         3347   3459    (5) 151  
  251   21.8  5.5  0.0  Ta_chr4.fa  43144 43198  (6803) C MIRb           SINE/MIR         (1)    267    210 152 *
  407   25.8  0.9  5.5  Ta_chr4.fa  43155 43269  (6732) C L2d2           LINE/L2         (19)   3445   3336 153  
  204   22.9  6.5  1.5  Ta_chr4.fa  43243 43304  (6697) + MIR            SINE/MIR         185    249   (13) 142 *
  211   20.1  3.7  7.7  Ta_chr4.fa  43272 43325  (6676) + L2d2           LINE/L2         3375   3459    (5) 154  
  898   19.6  8.0  4.0  Ta_chr4.fa  43398 43636  (6365) + MIR            SINE/MIR           2    249   (13) 155  
  188   20.0  0.0  0.0  Ta_chr4.fa  43715 43754  (6247) C L2c            LINE/L2        (222)   3165   3126 156  
  460   26.8  2.6  7.3  Ta_chr4.fa  44095 44415  (5586) C L2b            LINE/L2          (6)   3420   3122 157  
  751   22.8  7.9  5.0  Ta_chr4.fa  45048 45301  (4700) C MIR            SINE/MIR         (0)    262      2 158  
  594   23.9  3.6  4.5  Ta_chr4.fa  45351 45613  (4388) + L2a            LINE/L2         3120   3426    (0) 159  
  363   16.7  1.7  0.6  Ta_chr4.fa  45721 45794  (4207) C L2b            LINE/L2         (18)   3446   3304 160  
  403   21.9 13.3  4.7  Ta_chr4.fa  45899 46056  (3945) C L2b            LINE/L2          (0)   3375   3205 160  
  494   18.1  1.0 22.6  Ta_chr4.fa  46144 46336  (3665) + L2b            LINE/L2         3217   3375    (0) 161  
  313   19.1  5.7  2.8  Ta_chr4.fa  46347 46416  (3585) + L2b            LINE/L2         3304   3375    (0) 162  
  388   22.9  3.1  2.0  Ta_chr4.fa  46425 46522  (3479) + L2b            LINE/L2         3277   3375    (0) 163  
  717   17.4  0.8  0.0  Ta_chr4.fa  46532 46652  (3349) + MIRb           SINE/MIR          25    146  (122) 164  
  465   23.7  4.2  5.2  Ta_chr4.fa  46617 46765  (3236) + L2b            LINE/L2         3246   3447   (17) 165 *
  232   23.8  0.0 10.3  Ta_chr4.fa  46750 46824  (3177) + MIRb           SINE/MIR         186    253   (15) 164 *
  284   26.1  1.4  0.0  Ta_chr4.fa  46769 46837  (3164) + L2d2           LINE/L2         3390   3459    (5) 166  
  183   27.9  0.0  0.0  Ta_chr4.fa  46827 46869  (3132) C L2c            LINE/L2         (62)   3325   3283 167 *
  204   28.5  0.5  8.7  Ta_chr4.fa  46873 46998  (3003) + L2d            LINE/L2         3280   3412   (13) 168 *
  389   25.3  3.2  3.7  Ta_chr4.fa  46919 47038  (2963) C L2b            LINE/L2         (18)   3446   3273 169 *
  565   19.3  1.9  5.1  Ta_chr4.fa  47032 47198  (2803) + L2b            LINE/L2         3238   3446   (18) 170  
  181   28.2  0.0 10.3  Ta_chr4.fa  47183 47257  (2744) + MIRb           SINE/MIR         186    253   (15) 171 *
  228   22.4 10.3  0.0  Ta_chr4.fa  47210 47267  (2734) + L2d            LINE/L2         3356   3419    (6) 168  
  214   28.5  0.0 10.5  Ta_chr4.fa  47306 47435  (2566) + L2a            LINE/L2         3280   3412   (13) 172 *
  437   21.2  4.4  3.9  Ta_chr4.fa  47356 47514  (2487) C L2b            LINE/L2         (18)   3446   3273 173  
  279    9.5  2.4  0.0  Ta_chr4.fa  48776 48817  (1184) C L2b            LINE/L2          (0)   3375   3333 174  
  236   26.7  0.0  2.2  Ta_chr4.fa  48822 48884  (1117) + L2a            LINE/L2         3359   3446   (18) 172  
  956   20.4  8.1  5.6  Ta_chr4.fa  49491 49750   (251) C MIRb           SINE/MIR         (0)    268      3 175  
  391   17.5 14.0  1.9  Ta_chr4.fa  49907 49999     (2) C L2a            LINE/L2         (18)   3408   3305 176  
