   SW   perc perc perc  query              position in query     matching     repeat             position in repeat
score   div. del. ins.  sequence           begin end    (left)   repeat       class/family     begin  end    (left)  ID

  333   24.6  1.4  0.0  La_scaffold_17.fa    186   254 (49747) C tRNA-Asn-AAC tRNA                (1)     76      7   1  
  317   22.4  1.3  1.3  La_scaffold_17.fa    501   577 (49424) C MamGypLTR2c  LTR/Gypsy          (45)   1023    947   2  
  373   24.6 18.6  0.0  La_scaffold_17.fa    970  1087 (48914) + MIR          SINE/MIR             57    196   (66)   3  
  213   26.1  0.0  0.0  La_scaffold_17.fa   1203  1248 (48753) + MIR          SINE/MIR            216    261    (1)   3  
 3194   13.7  9.6  0.6  La_scaffold_17.fa   1528  2142 (47859) C L1MC2        LINE/L1            (13)   6331   5662   4  
 1253   14.5  3.6  3.1  La_scaffold_17.fa   2316  2536 (47465) C L1MC2        LINE/L1          (2116)   5669   5448   4  
  913   14.7  4.0  1.4  La_scaffold_17.fa   2744  2936 (47065) C L1MC2        LINE/L1          (2321)   5464   5259   4  
  252   17.5  2.4  4.9  La_scaffold_17.fa   2960  3043 (46958) C MamGypLTR2c  LTR/Gypsy         (984)     84      3   5  
  230   31.7  4.8  2.0  La_scaffold_17.fa   3311  3455 (46546) + L1MEd        LINE/L1              59    207 (6879)   6  
  386   27.4 15.8  0.0  La_scaffold_17.fa   5349  5494 (44507) + L2           LINE/L2            2345   2513  (906)   7  
  517   34.4  2.9  8.3  La_scaffold_17.fa   5718  5996 (44005) + L2           LINE/L2            2500   2764  (655)   7  
  388   23.0  4.8  4.8  La_scaffold_17.fa   6227  6372 (43629) + L2           LINE/L2            2854   2999  (420)   7  
  477   18.6  3.9  8.9  La_scaffold_17.fa   6425  6577 (43424) C MLT1B        LTR/ERVL-MaLR       (0)    390    245   8  
  275   12.2  4.0  2.0  La_scaffold_17.fa   6994  7043 (42958) C MLT1B        LTR/ERVL-MaLR     (414)     53      3   8  
  278   19.4  5.3  4.0  La_scaffold_17.fa   7048  7122 (42879) + L2           LINE/L2            2591   2666  (753)   9  
  239   40.2  3.9  2.7  La_scaffold_17.fa   8268  8525 (41476) C MamRTE1      LINE/RTE-BovB    (1347)   2465   2205  10  
  220   34.7  1.0  1.0  La_scaffold_17.fa   8613  8711 (41290) C MamRTE1      LINE/RTE-BovB    (1701)   2111   2013  10  
  885   24.8  6.8  0.9  La_scaffold_17.fa  12175 12500 (37501) C L1MEd        LINE/L1          (5429)   1657   1313  11  
  419   26.1  8.1  3.9  La_scaffold_17.fa  12510 12732 (37269) C L1MEd        LINE/L1          (4803)   1404   1173  11  
  415   19.6 10.1  3.2  La_scaffold_17.fa  12717 12946 (37055) + L1MEg        LINE/L1            1711   1965 (5121)  12 *
  237   26.5  4.4  0.0  La_scaffold_17.fa  13307 13374 (36627) C tRNA-Asn-AAC tRNA                (0)     77      7  13  
  434   25.6 21.4  2.4  La_scaffold_17.fa  14573 14820 (35181) + MLT1K        LTR/ERVL-MaLR       278    571   (24)  14  
  343   36.2  3.2  1.0  La_scaffold_17.fa  14912 15101 (34900) + L2c          LINE/L2            2706   2899  (520)  15  
  309   32.1  6.6  8.7  La_scaffold_17.fa  16520 16836 (33165) + L2c          LINE/L2            3064   3374   (13)  15  
  389   31.4  7.4  1.5  La_scaffold_17.fa  16905 17113 (32888) C MIRb         SINE/MIR           (11)    251      1  16  
  245   33.7  2.0  3.0  La_scaffold_17.fa  17436 17536 (32465) + MIR3         SINE/MIR             41    140   (68)  17  
  266   21.8  4.5  1.6  La_scaffold_17.fa  18359 18438 (31563) + MIRb         SINE/MIR            102    189   (41)  18  
 4038   25.7  3.7  0.9  La_scaffold_17.fa  19983 21841 (28160) C L1MB3        LINE/L1           (176)   6007   4073  19  
  600   24.3  2.7  0.7  La_scaffold_17.fa  22447 22595 (27406) + MIR          SINE/MIR             67    218   (44)  20  
  241    9.7  0.0  0.0  La_scaffold_17.fa  23102 23132 (26869) + MLT1C        LTR/ERVL-MaLR         1     31  (436)  21  
  354   21.2  7.5  1.7  La_scaffold_17.fa  23427 23567 (26434) + MLT1A        LTR/ERVL-MaLR       234    396    (0)  22  
  275   31.6  9.4  0.6  La_scaffold_17.fa  27338 27496 (22505) C MIR3         SINE/MIR            (0)    208     36  23  
  438   25.7  2.5  6.4  La_scaffold_17.fa  29497 29658 (20343) C MLT1C2       LTR/ERVL-MaLR       (0)    461    306  24  
  237   14.7  0.0  2.4  La_scaffold_17.fa  29974 30015 (19986) C MLT1C2       LTR/ERVL-MaLR     (420)     41      1  25  
  710   25.0  6.4  1.6  La_scaffold_17.fa  30091 30326 (19675) C MIR          SINE/MIR           (12)    250      4  26  
  274   25.3  2.6  2.6  La_scaffold_17.fa  30397 30473 (19528) + tRNA-Asn-AAC tRNA                  1     77    (0)  27  
  224   27.3  3.8  2.5  La_scaffold_17.fa  30716 30794 (19207) + MIR3         SINE/MIR            120    199   (31)  28  
  877   16.3  0.0  0.7  La_scaffold_17.fa  31154 31295 (18706) + MER3         DNA/hAT-Charlie       2    142   (67)  29  
  256   30.4  6.6  1.4  La_scaffold_17.fa  32887 33023 (16978) C L2b          LINE/L2             (1)   3374   3231  30  
 7733    9.4  3.7  0.3  La_scaffold_17.fa  33295 34402 (15599) C Tigger1      DNA/TcMar-Tigger    (0)   2418   1274  31  
 7681   11.4  2.8  0.3  La_scaffold_17.fa  34593 35723 (14278) C Tigger1      DNA/TcMar-Tigger (1259)   1159      1  31  
  256   37.1  7.2  0.6  La_scaffold_17.fa  36031 36182 (13819) + X6A_LINE     LINE/CR1            595    756  (322)  32  
  235   31.0  3.4  2.2  La_scaffold_17.fa  36195 36283 (13718) + X7A_LINE     LINE/CR1              2     91  (176)  33  
  831    9.7  0.0  0.0  La_scaffold_17.fa  36554 36667 (13334) C Tigger1      DNA/TcMar-Tigger  (510)   1908   1795  34  
  211   25.8 28.2  0.0  La_scaffold_17.fa  37993 38116 (11885) C L2c          LINE/L2             (4)   3383   3225  35  
  417   27.4  4.4  7.1  La_scaffold_17.fa  38245 38425 (11576) + L2b          LINE/L2            3221   3461    (3)  36  
  492   36.2  6.0  2.3  La_scaffold_17.fa  38824 39205 (10796) + L2           LINE/L2             609   1004 (2415)  37  
  390   30.2 26.1  2.0  La_scaffold_17.fa  39254 39659 (10342) + L2           LINE/L2            1103   1604 (1815)  37  
 1405   26.5  8.8  4.0  La_scaffold_17.fa  39663 40181  (9820) C MLT1G3       LTR/ERVL-MaLR       (0)    595      3  38  
  231   26.2  3.2  1.6  La_scaffold_17.fa  40793 40854  (9147) + tRNA-Asn-AAC tRNA                  3     65   (12)  39  
 1716   24.1  4.9  0.6  La_scaffold_17.fa  41949 42441  (7560) C L1ME3A       LINE/L1            (17)   6156   5643  40  
 1074   21.8  9.3  1.7  La_scaffold_17.fa  42548 42972  (7029) C L1ME3A       LINE/L1           (533)   5629   5140  40  
 1532   24.1  4.0  0.3  La_scaffold_17.fa  42997 43346  (6655) C L2           LINE/L2          (1905)   1514   1152  41  
  251   20.9 25.2  1.5  La_scaffold_17.fa  44293 44399  (5602) + MIRb         SINE/MIR            129    260    (8)  42  
  427   20.6  0.0  0.0  La_scaffold_17.fa  44867 44939  (5062) C tRNA-Gly-GGG tRNA                (1)     73      1  43  
  705   25.3  5.0  3.8  La_scaffold_17.fa  45033 45213  (4788) C MIR          SINE/MIR           (76)    186      4  44  
 1205   20.3  3.4  1.2  La_scaffold_17.fa  45333 45571  (4430) C MIR          SINE/MIR           (16)    246      3  45  
 1037   19.9 10.1  8.7  La_scaffold_17.fa  45704 46089  (3912) C MLT2C1       LTR/ERVL            (2)    395      5  46  
  404   25.1  4.1  0.2  La_scaffold_17.fa  46862 46996  (3005) + MLT1H-int    LTR/ERVL-MaLR       514    719  (770)  47  
 2708   22.4 11.0  2.8  La_scaffold_17.fa  47286 48048  (1953) + MLT1G        LTR/ERVL-MaLR       586   1409    (0)  48  
  658   29.5 15.2  1.7  La_scaffold_17.fa  48048 48409  (1592) + MLT1G        LTR/ERVL-MaLR         1    410  (145)  48 *
  907   20.9  2.8  0.0  La_scaffold_17.fa  48465 48641  (1360) + MLT1G        LTR/ERVL-MaLR       410    591    (0)  48  
  266   25.4  0.0  0.0  La_scaffold_17.fa  48642 48704  (1297) C MIR          SINE/MIR          (127)    135     73  49  
  274   18.9 21.2  1.4  La_scaffold_17.fa  49379 49496   (505) C L1ME4a       LINE/L1            (74)   6050   5910  50  
  819   25.3  9.5  0.8  La_scaffold_17.fa  49497 49727   (274) C MIR          SINE/MIR            (1)    261     11  51  
  275   26.1  0.0  5.5  La_scaffold_17.fa  49883 49959    (42) C tRNA-Asn-AAC tRNA                (4)     73      1  52  
