   SW   perc perc perc  query     position in query     matching  repeat             position in repeat
score   div. del. ins.  sequence  begin end    (left)   repeat    class/family     begin  end    (left)  ID

28018    4.3  0.2  0.2  Hs_1.fa       3  5345 (44656) C L1HS      LINE/L1           (446)   5434    125   1  
 2593    7.0  3.3  1.4  Hs_1.fa    5353  5716 (44285) C HERVH-int LTR/ERV1         (5574)   2139   1769   2  
 1221    3.4  0.0  0.0  Hs_1.fa    5709  5854 (44147) C HERVH-int LTR/ERV1         (7567)    146      1   2 *
  235    6.7  0.0  0.0  Hs_1.fa    5855  5884 (44117) C LTR7Y     LTR/ERV1            (0)    464    435   2  
  242   29.8  1.9  1.9  Hs_1.fa    6359  6512 (43489) C L1M5      LINE/L1          (1015)   5131   4978   3  
  237   24.1  3.5  0.0  Hs_1.fa    7257  7314 (42687) C MLT1L     LTR/ERVL-MaLR     (129)    481    422   4  
  270   29.3  0.0  1.3  Hs_1.fa    7526  7601 (42400) C MLT1L     LTR/ERVL-MaLR     (529)     81      7   4  
  265   34.4  6.2  6.2  Hs_1.fa    7770  8122 (41879) + L2c       LINE/L2            2936   3288   (99)   5  
 1020   24.4  2.8  2.3  Hs_1.fa    8190  8583 (41418) + L1ME1     LINE/L1            2453   2848 (3298)   6 *
 1902   20.4  6.0  3.1  Hs_1.fa    8582  9117 (40884) C L1M5      LINE/L1          (1112)   5034   4484   7  
 2416    8.2  0.3  0.0  Hs_1.fa    9119  9412 (40589) C AluSx     SINE/Alu           (12)    300      6   8  
  512   15.4  1.0  0.0  Hs_1.fa    9419  9522 (40479) C L1M5      LINE/L1          (1659)   4487   4383   7  
 2607   21.6  2.5  2.5  Hs_1.fa    9538  9984 (40017) C L1M5      LINE/L1          (1999)   4147   3696   7  
 2061   10.1  0.6  3.5  Hs_1.fa    9985 10303 (39698) C AluSx     SINE/Alu            (2)    310      1   9  
 2607   21.6  2.5  2.5  Hs_1.fa   10304 10488 (39513) C L1M5      LINE/L1          (2451)   3695   3516   7 *
 3304   22.0  6.1  2.5  Hs_1.fa   10486 11559 (38442) + L1ME1     LINE/L1            5063   6170    (9)   6  
  311   30.2  0.0  3.5  Hs_1.fa   11589 11612 (38389) + L1ME4b    LINE/L1            5188   5211  (935)  10  
 1366   19.2 14.1 12.6  Hs_1.fa   11613 12159 (37842) + MLT2B3    LTR/ERVL              1    554    (0)  11  
  323   26.8  7.1  0.4  Hs_1.fa   12160 12329 (37672) + L1ME4b    LINE/L1            5212   5388  (757)  10  
  373   29.8  2.3 16.7  Hs_1.fa   12421 12686 (37315) + MIR       SINE/MIR             30    262    (0)  12  
  307   29.5  3.8  0.0  Hs_1.fa   12715 12819 (37182) C LTR85a    LTR/Gypsy           (0)    702    594  13  
 1947   20.9  5.1  2.6  Hs_1.fa   13739 14230 (35771) C MLT1D     LTR/ERVL-MaLR       (1)    504      1  14  
  262   20.7 14.6  7.7  Hs_1.fa   14706 14815 (35186) + MLT1N2    LTR/ERVL-MaLR       414    530   (32)  15  
 6311    7.8  0.9  2.1  Hs_1.fa   15060 15187 (34814) C L1PB1     LINE/L1             (3)   6148   6035  16  
 2435    9.7  0.0  0.0  Hs_1.fa   15188 15496 (34505) C AluSc5    SINE/Alu            (0)    309      1  17  
 6311    8.0  1.6  1.9  Hs_1.fa   15497 16342 (33659) C L1PB1     LINE/L1           (117)   6034   5168  16  
 4479   12.4  7.7  3.5  Hs_1.fa   16343 17700 (32301) C MER4B-int LTR/ERV1         (4495)   2263    948  18  
  248    3.4  0.0  0.0  Hs_1.fa   17715 17773 (32228) C RLTR20A4  LTR/ERVK           (90)    495    437  19  
 6112   11.3  9.5  3.7  Hs_1.fa   17774 18862 (31139) C MER4B-int LTR/ERV1         (5609)   1149      1  20  
  770    6.3  3.5  1.7  Hs_1.fa   18863 18975 (31026) C MER4E1    LTR/ERV1            (0)    781    667  20  
 2121   11.0  6.2  0.3  Hs_1.fa   19326 19661 (30340) + Tigger4b  DNA/TcMar-Tigger      1    356    (5)  21  
  520   23.1  5.8  0.0  Hs_1.fa   20276 20396 (29605) C L2a       LINE/L2             (0)   3426   3299  22  
  205   39.2  0.0  0.0  Hs_1.fa   20835 20908 (29093) C MIRb      SINE/MIR           (17)    251    178  23  
  236   28.4  1.5  1.5  Hs_1.fa   20982 21049 (28952) C MIRc      SINE/MIR          (192)     76      9  24  
  453   21.4  0.8  4.2  Hs_1.fa   22353 22474 (27527) + MIRb      SINE/MIR             57    174   (88)  25  
  741   27.2  4.7  0.0  Hs_1.fa   23709 23899 (26102) + MIR       SINE/MIR              8    207   (55)  26  
  245   25.4  0.0  0.0  Hs_1.fa   26083 26141 (23860) + RLTR20A4  LTR/ERVK            435    493   (92)  27  
 2464    8.7  0.0  0.0  Hs_1.fa   26605 26904 (23097) C AluSq2    SINE/Alu           (13)    300      1  28  
  682   29.1  6.6  2.0  Hs_1.fa   28941 29182 (20819) C MIR       SINE/MIR            (2)    260      8  29  
  749   19.1  1.5  0.0  Hs_1.fa   29571 29706 (20295) + MER3      DNA/hAT-Charlie       2    139   (70)  30  
  510   35.0  4.9  7.9  Hs_1.fa   30819 31774 (18227) C L2c       LINE/L2             (0)   3387   2431  31  
  217   37.7  7.1  4.5  Hs_1.fa   32243 32439 (17562) + MIR3      SINE/MIR              5    206    (2)  32  
  362   27.0  6.6  2.8  Hs_1.fa   32472 32608 (17393) + CR1_Mam   LINE/CR1           1559   1700  (504)  33  
  427   32.8  9.6  3.6  Hs_1.fa   33918 34335 (15666) + CR1_Mam   LINE/CR1           1734   2175   (29)  33  
  481   19.4 18.0  0.7  Hs_1.fa   34495 34635 (15366) C PB1       SINE/Alu            (3)    124     10  34  
  229   28.6  0.0  0.0  Hs_1.fa   34872 34927 (15074) C L2c       LINE/L2            (82)   3305   3250  35  
  398   24.0  7.8  2.6  Hs_1.fa   35670 35843 (14158) C L2d2      LINE/L2            (10)   3454   3193  36  
 1124   34.1 14.1  1.4  Hs_1.fa   36428 37299 (12702) + L2        LINE/L2             647   1627 (1792)  37  
 1243   28.4  6.1  1.6  Hs_1.fa   37300 37809 (12192) C MLT1G3    LTR/ERVL-MaLR       (0)    595     16  38  
 2021   15.5  0.0  1.0  Hs_1.fa   38430 38739 (11262) C AluJb     SINE/Alu            (1)    311      5  39  
  506   26.5  3.0  0.6  Hs_1.fa   39023 39189 (10812) C L1ME3A    LINE/L1             (7)   6166   5996  40  
  784   24.5  7.8  0.0  Hs_1.fa   39203 39459 (10542) C L1ME3A    LINE/L1           (254)   5919   5643  40  
 2261   25.5 10.6  7.7  Hs_1.fa   39510 41378  (8623) C L1MEg     LINE/L1           (435)   6779   4839  41  
  429   20.8 18.5  4.8  Hs_1.fa   41410 41631  (8370) C L1MEg     LINE/L1          (3230)   4007   3757  41  
  246   19.3  1.7  3.5  Hs_1.fa   41696 41754  (8247) C L1MEg     LINE/L1          (5535)    549    492  42  
 1871   16.3  5.1  0.0  Hs_1.fa   41783 42113  (7888) + Tigger3a  DNA/TcMar-Tigger      1    348    (0)  43  
 1557   24.3  8.7  1.9  Hs_1.fa   42114 42708  (7293) C L1MEg     LINE/L1          (4447)   2886   2252  41  
  845   23.2 11.6  1.0  Hs_1.fa   42726 43248  (6753) C L1MEg     LINE/L1          (5250)   2083   1487  41  
 2623   23.5  2.5  6.6  Hs_1.fa   43705 44404  (5597) C L1ME3     LINE/L1            (23)   6139   5460  44  
 2337   18.0  2.5 13.0  Hs_1.fa   44405 44972  (5029) C MLT2B2    LTR/ERVL            (0)    515      1  45  
 2623   24.1  6.9  5.6  Hs_1.fa   44973 45412  (4589) C L1ME3     LINE/L1           (703)   5459   5004  44  
 1804   27.6  5.3  1.3  Hs_1.fa   45422 46005  (3996) C L2        LINE/L2          (1907)   1512    906  46  
 2254   12.3  4.0  1.1  Hs_1.fa   46938 47307  (2694) C THE1D     LTR/ERVL-MaLR       (0)    381      1  47  
  282   29.6 14.8  3.1  Hs_1.fa   47445 47559  (2442) C MIR       SINE/MIR          (131)    131      4  48  
  887   22.1 10.6  0.4  Hs_1.fa   47679 47896  (2105) C MIR       SINE/MIR           (21)    241      2  49  
 1796   18.5  2.8  4.4  Hs_1.fa   47994 48384  (1617) C MLT2C1    LTR/ERVL            (0)    397     13  50  
  192   26.3  1.7  1.7  Hs_1.fa   48813 48870  (1131) C OldhAT1   DNA/hAT-Ac        (416)   2426   2369  51  
  388   22.2  3.8  0.1  Hs_1.fa   48955 49051   (950) + MLT1F-int LTR/ERVL-MaLR       515    677  (812)  52 *
 1933    9.1  0.7  6.5  Hs_1.fa   49048 49340   (661) + AluSx     SINE/Alu             21    297    (5)  53  
 1938   26.6  8.4  0.7  Hs_1.fa   49372 50001     (0) + MLT1F-int LTR/ERVL-MaLR       670   1347  (142)  52  
