   SW   perc perc perc  query     position in query     matching       repeat             position in repeat
score   div. del. ins.  sequence  begin end    (left)   repeat         class/family     begin  end    (left)  ID

  219   32.2  7.1  1.5  Mm_3.fa     171   296 (49705) C MIRb           SINE/MIR           (81)    187     55   1  
  344   25.1  5.0  5.0  Mm_3.fa     508   685 (49316) + RLTR17B_Mm     LTR/ERVK            254    431  (371)   2  
  762   33.9  1.0  0.3  Mm_3.fa     686   975 (49026) C B4A            SINE/B4             (0)    292      1   3  
 3792   15.0 15.2  2.0  Mm_3.fa    1234  2064 (47937) C RMER19B        LTR/ERVK            (0)    902      3   4  
  769   28.9  3.5  0.3  Mm_3.fa    2199  2483 (47518) + ERVL-int       LTR/ERVL           2497   2790 (2967)   5  
  288   26.5  1.9  4.8  Mm_3.fa    2775  2881 (47120) C DNM1r          Unknown          (2084)   2578   2475   6 *
  332   17.0  1.1  1.1  Mm_3.fa    2813  2901 (47100) C RLTR17B_Mm     LTR/ERVK          (362)    440    352   7  
  528   25.4  3.0  0.8  Mm_3.fa    3441  3569 (46432) + MTE2b          LTR/ERVL-MaLR         1    132  (247)   8  
 1344   18.6 13.3  1.7  Mm_3.fa    3570  3892 (46109) C ORR1D1         LTR/ERVL-MaLR       (1)    373     14   9  
  865   20.7 12.2  1.6  Mm_3.fa    3897  4117 (45884) + MTE2b          LTR/ERVL-MaLR       136    379    (0)   8  
  521   29.3  7.5  0.9  Mm_3.fa    4406  4605 (45396) C B3             SINE/B2             (0)    216      4  10  
 3436   23.5  5.1  2.0  Mm_3.fa    4678  5619 (44382) + RCHARR1        DNA/hAT-Charlie       3    973    (1)  11  
  377   26.2 13.4  3.4  Mm_3.fa    6434  6619 (43382) + B4A            SINE/B4               1    204   (88)  12  
  275   12.7  0.0  1.4  Mm_3.fa    6664  6735 (43266) + IMPB_01        Satellite            11     81 (2467)  13  
 2663   15.9  1.5  0.0  Mm_3.fa    6811  7219 (42782) C MTC            LTR/ERVL-MaLR       (2)    419      5  14  
  241   34.3  9.3  0.5  Mm_3.fa    8224  8428 (41573) C MLT1A          LTR/ERVL-MaLR      (72)    302     80  15  
  528   23.9 10.4  3.6  Mm_3.fa    9201  9382 (40619) + B3A            SINE/B2               5    198    (0)  16  
  672   26.5 14.8  2.3  Mm_3.fa    9557 10023 (39978) C L1M5           LINE/L1          (1306)   4840   4317  17  
  248   30.1  3.1  4.4  Mm_3.fa   10081 10151 (39850) + RLTR17B_Mm     LTR/ERVK            248    314  (488)  18  
  759   27.3 10.9  0.0  Mm_3.fa   10152 10407 (39594) C B4A            SINE/B4             (8)    284      1  19  
  248   30.1  3.1  4.4  Mm_3.fa   10408 10495 (39506) + RLTR17B_Mm     LTR/ERVK            315    404  (398)  18 *
  330   18.9  2.2  0.0  Mm_3.fa   10428 10517 (39484) C RLTR17B_Mm     LTR/ERVK          (367)    435    360  20  
 1113   25.8  6.0  3.0  Mm_3.fa   10544 10942 (39059) + L1MA6          LINE/L1            4807   5243  (900)  21  
 4844   11.7  3.7  0.8  Mm_3.fa   10972 11747 (38254) + RMER12C        LTR/ERVK              1    799  (570)  22  
  711   17.9 13.2  6.6  Mm_3.fa   11767 11994 (38007) + RMER12C        LTR/ERVK            958   1199  (123)  22  
 1006   16.4  0.6  2.8  Mm_3.fa   12210 12391 (37610) + RMER12         LTR/ERVK           1145   1322    (0)  23  
 1434   24.4 12.7  1.0  Mm_3.fa   12397 12961 (37040) + L1MA6          LINE/L1            5215   5851  (449)  21  
 1088   26.6  4.0  2.3  Mm_3.fa   12962 13332 (36669) + MTE2a          LTR/ERVL-MaLR         3    370    (0)  24  
  362   24.9 17.4  1.9  Mm_3.fa   13335 13616 (36385) + L1MA6          LINE/L1            5858   6182  (118)  21  
 1247    4.8  0.0  2.1  Mm_3.fa   13698 13845 (36156) C B1_Mm          SINE/Alu            (1)    146      2  25  
  380   30.1 13.5  4.5  Mm_3.fa   13931 14591 (35410) + L1ME1          LINE/L1            5354   6071  (108)  26  
  301   19.4  0.0  0.0  Mm_3.fa   15852 15965 (34036) C IMPB_01        Satellite        (2144)    114      1  27  
  598   26.5  0.0  4.3  Mm_3.fa   16187 16286 (33715) C B1_Mur2        SINE/Alu            (9)    140     41  28  
 3198    3.2  0.0  0.0  Mm_3.fa   16287 16632 (33369) + ORR1A0         LTR/ERVL-MaLR         1    346    (0)  29  
  598   26.5  0.0  4.3  Mm_3.fa   16633 16677 (33324) C B1_Mur2        SINE/Alu          (109)     40      2  28  
 1313    5.9  0.6  1.2  Mm_3.fa   17369 17540 (32461) + B2_Mm1t        SINE/B2               2    172   (21)  30  
  434   25.9 10.6  3.6  Mm_3.fa   18033 18240 (31761) C MLT1D          LTR/ERVL-MaLR     (158)    347    126  31  
 1102    6.5  5.7  1.4  Mm_3.fa   20609 20749 (29252) + B1_Mus2        SINE/Alu              1    147    (0)  32  
  293   25.9  4.7  6.8  Mm_3.fa   22255 22279 (27722) C B4A            SINE/B4            (48)    244     99  33  
  631   20.2  4.0  0.0  Mm_3.fa   22280 22403 (27598) C B1_Mus2        SINE/Alu            (5)    142     14  34  
 1681   13.1  1.8  6.2  Mm_3.fa   22601 22885 (27116) C Lx4B           LINE/L1             (7)   7051   6779  35  
  524   21.1  6.5  4.1  Mm_3.fa   22913 22933 (27068) C MER34D         LTR/ERV1            (5)    574    552  36  
 2356   11.5 10.7  0.0  Mm_3.fa   22934 23289 (26712) C ORR1B1         LTR/ERVL-MaLR       (0)    394      1  37  
  524   21.1  6.5  4.1  Mm_3.fa   23290 23435 (26566) C MER34D         LTR/ERV1           (28)    551    404  36  
  589   30.5 10.7  0.6  Mm_3.fa   23465 23754 (26247) C MER34D         LTR/ERV1          (260)    319      1  36  
  271   30.6  6.5  2.3  Mm_3.fa   23775 23898 (26103) + MIR            SINE/MIR             89    217   (45)  38  
  195   26.9  4.6  5.8  Mm_3.fa   24044 24130 (25871) C L2c            LINE/L2            (11)   3376   3291  39  
  646   22.1  4.4  0.0  Mm_3.fa   28310 28445 (21556) + B1_Mur1        SINE/Alu              3    144    (5)  40  
  295   32.6 10.4  0.0  Mm_3.fa   28590 28724 (21277) C MIR            SINE/MIR           (89)    173     25  41  
  294   29.1 12.4  6.8  Mm_3.fa   30111 30320 (19681) + B4             SINE/B4              20    240   (52)  42  
  327   20.0  0.0  0.0  Mm_3.fa   30416 30475 (19526) + PB1D10         SINE/Alu              9     68   (49)  43  
  242   28.9  7.9  0.0  Mm_3.fa   31744 31819 (18182) C L2d2           LINE/L2            (25)   3439   3358  44  
  645   22.0  4.1  1.1  Mm_3.fa   32922 33091 (16910) C URR1A          DNA/hAT-Charlie     (6)    220     46  45  
 1072   20.0  3.7  0.0  Mm_3.fa   34959 35148 (14853) + B3             SINE/B2               1    197   (19)  46  
  617   26.2 13.7  0.6  Mm_3.fa   35321 35481 (14520) C B3A            SINE/B2            (16)    182      1  47  
  283   26.8 12.4  7.7  Mm_3.fa   35994 36179 (13822) + L2             LINE/L2            1194   1387 (2032)  48  
  587   28.2  8.0  1.2  Mm_3.fa   36448 36673 (13328) C ORR1F          LTR/ERVL-MaLR      (16)    375    135  49  
  436   22.5  7.3  3.2  Mm_3.fa   36727 36905 (13096) + RLTR17B_Mm     LTR/ERVK            266    451  (351)  50  
 1000   27.4  7.2  3.3  Mm_3.fa   36951 37354 (12647) + MTD            LTR/ERVL-MaLR         1    419    (0)  51  
 6259   13.8  1.6  0.0  Mm_3.fa   37650 38595 (11406) + Lx2            LINE/L1            6037   6997    (0)  52  
 1052    8.8  0.7  0.7  Mm_3.fa   39623 39760 (10241) C B1_Mus2        SINE/Alu            (9)    138      1  53  
 2308   17.1 14.9  9.7  Mm_3.fa   40903 41485  (8516) C RMER19C        LTR/ERVK            (0)    611      1  54  
  590   28.9  2.7  0.7  Mm_3.fa   41781 41930  (8071) C Tigger5b_Glire DNA/TcMar-Tigger  (162)    191     39  55  
 1159    7.0  1.4  0.0  Mm_3.fa   42780 42921  (7080) C B1_Mur4        SINE/Alu            (5)    145      2  56  
 2796    1.6  0.0  0.3  Mm_3.fa   43184 43490  (6511) + L1MdF_II       LINE/L1            6274   6579    (0)  57  
 1160    4.3  0.7  0.0  Mm_3.fa   44783 44923  (5078) C B1_Mus2        SINE/Alu            (0)    147      6  58  
  895   12.5  1.5  0.0  Mm_3.fa   44804 44939  (5062) C ORR1B1-int     LTR/ERVL-MaLR     (737)    772    635  59 *
 6737   11.5  3.0  2.1  Mm_3.fa   46170 47460  (2541) C Lx2B           LINE/L1           (972)   6028   4737  60  
  794   23.7 20.0  2.1  Mm_3.fa   47465 47874  (2127) + L1MC3          LINE/L1            6715   7196  (589)  61  
  443   30.2  3.3  0.5  Mm_3.fa   47958 48137  (1864) + L1MC3          LINE/L1            7394   7578  (207)  61  
  241   18.8  0.0  0.0  Mm_3.fa   48566 48613  (1388) + L1MEf          LINE/L1            2066   2113 (4087)  62  
  307   26.0  8.0  2.5  Mm_3.fa   48808 48957  (1044) + L1M1           LINE/L1            4580   4737 (1409)  63  
  266   16.8  7.6  0.5  Mm_3.fa   49363 49448   (553) C MLT2B4         LTR/ERVL            (3)    553    439  64 *
 3932    9.3  2.7  0.9  Mm_3.fa   49447 50001     (0) C ORR1A3-int     LTR/ERVL-MaLR     (137)   1826   1262  65  
