   SW   perc perc perc  query              position in query     matching   repeat             position in repeat
score   div. del. ins.  sequence           begin end    (left)   repeat     class/family     begin  end    (left)  ID

  337   37.8  0.0  2.5  Md_NC_077228.1.fa     29   191 (49810) C L2         LINE/L2          (1004)   2415   2257   1  
  286   23.4 19.1  0.0  Md_NC_077228.1.fa    415   508 (49493) C MIRc       SINE/MIR           (20)    248    137   2  
  841   24.2  2.9 11.6  Md_NC_077228.1.fa    918  1197 (48804) + MIRb       SINE/MIR              4    261    (7)   3  
  221   35.4  3.7  0.0  Md_NC_077228.1.fa   1251  1332 (48669) + L2d        LINE/L2            3341   3425    (0)   4  
  237   26.2  8.1  3.1  Md_NC_077228.1.fa   1745  1919 (48082) C L1M1       LINE/L1          (3513)   4046   3858   5  
  375   27.0  1.5  0.2  Md_NC_077228.1.fa   2353  2543 (47458) C L1M1       LINE/L1          (3816)   3749   3546   5  
  272   26.9 17.8  3.7  Md_NC_077228.1.fa   3112  3289 (46712) C MIRc       SINE/MIR            (7)    261     47   6  
 1387   28.7  3.1  1.7  Md_NC_077228.1.fa   3854  4587 (45414) + L1ME3G     LINE/L1            5119   5883  (294)   7  
  513   35.3  3.7  2.0  Md_NC_077228.1.fa   5323  5814 (44187) C L1M5       LINE/L1           (316)   5808   5309   8  
  375   26.0 10.2  2.3  Md_NC_077228.1.fa   6216  6434 (43567) C MIRc       SINE/MIR            (5)    225     14   9  
  761   25.9  8.4  2.9  Md_NC_077228.1.fa   6839  7065 (42936) C L3         LINE/CR1           (60)   4039   3801  10  
  223   31.6  2.2 12.8  Md_NC_077228.1.fa   7085  7222 (42779) + MIRc       SINE/MIR             16    140  (128)  11 *
  224   36.5  7.1  0.0  Md_NC_077228.1.fa   7219  7344 (42657) + L3         LINE/CR1           3962   4096    (3)  12  
  326   27.7 10.8  0.0  Md_NC_077228.1.fa   7428  7557 (42444) + MIR        SINE/MIR             89    241   (27)  13  
  463   23.4  7.5  0.0  Md_NC_077228.1.fa   7688  7794 (42207) C L2a        LINE/L2             (8)   3418   3304  14  
  257   25.9  8.4 10.6  Md_NC_077228.1.fa  10344 10519 (39482) C L2d2       LINE/L2             (1)   3424   3258  15  
  289   39.8  5.3  0.0  Md_NC_077228.1.fa  12648 12818 (37183) C L2d2       LINE/L2           (224)   3240   3061  15  
  409   29.7  7.1  0.6  Md_NC_077228.1.fa  13070 13235 (36766) C MIR3       SINE/MIR           (21)    187      9  16  
  438   28.5  4.7  9.9  Md_NC_077228.1.fa  14479 14669 (35332) C L2c        LINE/L2             (0)   3387   3206  17  
  306   25.3  0.0  0.0  Md_NC_077228.1.fa  14885 14959 (35042) C RLTR17B_Mm LTR/ERVK          (352)    450    376  18  
  212   34.8  3.5  3.5  Md_NC_077228.1.fa  15841 15956 (34045) C L2         LINE/L2          (2412)   1007    892  19 *
  580   31.2  6.4  2.3  Md_NC_077228.1.fa  15955 16203 (33798) + MIRc       SINE/MIR             10    268    (0)  20  
  313   33.2  6.8  5.9  Md_NC_077228.1.fa  16385 16618 (33383) C L2         LINE/L2          (2851)    568    333  19  
  248   38.5  5.8  2.4  Md_NC_077228.1.fa  16938 17299 (32702) C L2c        LINE/L2           (449)   2970   2597  17  
  206   35.4  7.7  4.9  Md_NC_077228.1.fa  17343 17639 (32362) + L2a        LINE/L2             808   1112 (2307)  21  
 1326   36.2 10.6  2.4  Md_NC_077228.1.fa  17782 19458 (30543) + L2a        LINE/L2            1342   3158  (229)  21  
  983   30.5  6.5  1.3  Md_NC_077228.1.fa  19615 19983 (30018) + L3         LINE/CR1           3702   4089   (10)  22  
  333   16.1  2.2  6.8  Md_NC_077228.1.fa  21161 21260 (28741) + MIR        SINE/MIR             91    193   (75)  23  
  280   29.4  7.6  1.7  Md_NC_077228.1.fa  21280 21409 (28592) C L2a        LINE/L2             (5)   3421   3285  24 *
  316   26.9  7.7  0.0  Md_NC_077228.1.fa  21391 21494 (28507) + L2a        LINE/L2            3315   3426    (0)  21  
  232   36.8  3.4  1.1  Md_NC_077228.1.fa  21679 21766 (28235) C MamRTE1    LINE/RTE-BovB    (1573)   2239   2150  25  
  394   25.5 17.8  0.1  Md_NC_077228.1.fa  22046 22211 (27790) + MIRc       SINE/MIR             11    203    (5)  26  
  213   24.1  0.0  1.9  Md_NC_077228.1.fa  23020 23074 (26927) + MIR3       SINE/MIR            134    187   (21)  27  
  469   28.7 13.6  0.7  Md_NC_077228.1.fa  29131 29306 (20695) C MIR3       SINE/MIR            (3)    205      2  28  
  438   26.8  3.5  2.1  Md_NC_077228.1.fa  29372 29512 (20489) + L3         LINE/CR1           2699   2841 (1258)  29  
  521   35.2 17.0  2.0  Md_NC_077228.1.fa  29563 29927 (20074) C L3         LINE/CR1         (1168)   2931   2512  30  
  302   23.9  2.7 13.9  Md_NC_077228.1.fa  30105 30229 (19772) C MIRc       SINE/MIR            (0)    268    145  31  
  472   21.9 10.0  2.0  Md_NC_077228.1.fa  30530 30669 (19332) + Charlie4   DNA/hAT-Charlie    3228   3378    (0)  32  
  277   10.3  0.0  0.0  Md_NC_077228.1.fa  30718 30756 (19245) C EutTc1-N2  DNA/TcMar-Tc1     (338)     40      2  33  
  390   18.9 10.1  3.8  Md_NC_077228.1.fa  31245 31343 (18658) C Charlie4a  DNA/hAT-Charlie     (1)    507    403  34  
  430   32.7  2.8  0.8  Md_NC_077228.1.fa  32314 32479 (17522) + MIR3       SINE/MIR             11    176   (32)  35  
  273   31.4  6.1  7.5  Md_NC_077228.1.fa  33024 33171 (16830) C MIRb       SINE/MIR          (119)    149      1  36  
  605   32.4 10.1  1.7  Md_NC_077228.1.fa  33233 33612 (16389) + L2d2       LINE/L2            2676   3092  (372)  37  
  332   35.1  0.8  0.0  Md_NC_077228.1.fa  33595 33728 (16273) + L2         LINE/L2            2663   2797  (622)  38 *
  206   29.1  2.4  7.7  Md_NC_077228.1.fa  33807 33888 (16113) C L3b        LINE/CR1          (605)   4627   4550  39  
  443   33.0 11.0  0.0  Md_NC_077228.1.fa  34267 34439 (15562) C MIRc       SINE/MIR           (75)    193      2  40  
  427   15.4  1.3  0.0  Md_NC_077228.1.fa  34685 34762 (15239) C Charlie4a  DNA/hAT-Charlie   (378)    130     52  34  
  246   38.0  8.0  2.2  Md_NC_077228.1.fa  35348 35522 (14479) C Tigger19a  DNA/TcMar-Tigger  (135)    188      4  41  
  248   15.0  0.0  0.0  Md_NC_077228.1.fa  35869 35908 (14093) + EutTc1-N2  DNA/TcMar-Tc1         1     40  (338)  42  
  200   28.8  3.0  1.5  Md_NC_077228.1.fa  35955 36021 (13980) C MIR3       SINE/MIR            (6)    202    135  43  
  329   21.5  5.0  1.2  Md_NC_077228.1.fa  36461 36540 (13461) C Charlie4a  DNA/hAT-Charlie   (419)     89      7  44  
  574   19.3  0.0  3.5  Md_NC_077228.1.fa  37130 37247 (12754) C UCON33     DNA/TcMar-Tigger    (0)    320    207  45  
  495   24.7 12.2  0.1  Md_NC_077228.1.fa  37255 37398 (12603) + MIRc       SINE/MIR              2    163   (45)  46  
  337   29.4  0.9  5.5  Md_NC_077228.1.fa  38443 38557 (11444) C MIR3       SINE/MIR            (0)    208     99  47  
  255   39.5  0.8  0.8  Md_NC_077228.1.fa  39213 39332 (10669) C MIRc       SINE/MIR           (59)    209     90  48  
  594   28.2  2.4  5.9  Md_NC_077228.1.fa  40200 40410  (9591) C MIRc       SINE/MIR           (23)    207      2  49  
  280   36.1 18.9  0.0  Md_NC_077228.1.fa  41030 41256  (8745) C L2d        LINE/L2            (25)   3400   3131  50  
  953   28.0  2.3  3.3  Md_NC_077228.1.fa  41275 41584  (8417) + L3         LINE/CR1           2657   2963 (1136)  51  
  318   34.2  9.2  1.5  Md_NC_077228.1.fa  41667 41850  (8151) + L3         LINE/CR1           3207   3404  (695)  51  
 1080   25.8  9.2  2.0  Md_NC_077228.1.fa  42934 43312  (6689) + L5         LINE/RTE-X         1858   2263    (0)  52  
  429   37.0  0.7  0.0  Md_NC_077228.1.fa  43479 43613  (6388) C MIRc       SINE/MIR          (116)    152     17  53  
  673   29.2  3.0  1.0  Md_NC_077228.1.fa  45201 45397  (4604) + MIR3       SINE/MIR              5    205    (3)  54  
  352   25.0 12.3  1.5  Md_NC_077228.1.fa  45652 45773  (4228) + MIRc       SINE/MIR             11    145  (123)  55  
  698   27.0  0.6  0.6  Md_NC_077228.1.fa  47891 48065  (1936) C MamRep605b LTR                (66)    835    661  56  
  638   28.2  0.7  0.0  Md_NC_077228.1.fa  48137 48278  (1723) + MIRc       SINE/MIR              8    150  (118)  57  
  232   15.2  6.5  0.0  Md_NC_077228.1.fa  48288 48333  (1668) + Plat_L3    LINE/CR1           3525   3573    (0)  58  
  419   33.9  6.3  2.2  Md_NC_077228.1.fa  48348 48570  (1431) C MamRep605b LTR               (320)    581    350  56  
  204   31.4  7.0  0.0  Md_NC_077228.1.fa  49262 49347   (654) C MIR3       SINE/MIR            (3)    205    114  59  
  274   30.4  4.3  1.8  Md_NC_077228.1.fa  49534 49697   (304) + Plat_L3    LINE/CR1           3402   3569    (4)  60  
