   SW   perc perc perc  query       position in query     matching   repeat             position in repeat
score   div. del. ins.  sequence    begin end    (left)   repeat     class/family     begin  end    (left)  ID

  244   23.8  0.6 10.2  Me_chr2.fa     11    95 (49906) + L2d2       LINE/L2            3343   3464    (0)   1  
  298   25.2  0.1  0.1  Me_chr2.fa   1046  1172 (48829) C L1ME4c     LINE/L1          (1934)   5851   5725   2  
  246   12.1  0.0  0.8  Me_chr2.fa   1179  1260 (48741) + RLTR20A4   LTR/ERVK            348    499   (86)   3  
  720   28.0  7.7  3.0  Me_chr2.fa   1261  1653 (48348) C L1ME4c     LINE/L1           (412)   5671   5256   2  
  417   25.7  5.5  3.8  Me_chr2.fa   2223  2635 (47366) C L1MEf      LINE/L1          (3638)   2508   2093   4  
  402   28.7 18.9  1.0  Me_chr2.fa   3233  3401 (46600) C MIRc       SINE/MIR           (68)    200      2   5  
  270    9.6  0.0  0.0  Me_chr2.fa   3409  3460 (46541) + IMPB_01    Satellite            41     92 (2456)   6  
  412   31.7 10.5  0.6  Me_chr2.fa   3750  3911 (46090) + MIR3       SINE/MIR             21    198   (10)   7  
  548   32.7  3.5  8.4  Me_chr2.fa   4776  5339 (44662) C L1ME4c     LINE/L1           (249)   5834   5291   8  
  457   30.5 11.2  0.5  Me_chr2.fa   5727  5914 (44087) C MIRc       SINE/MIR           (39)    229     22   9  
  341   30.5  2.6  3.2  Me_chr2.fa   6392  6547 (43454) C CR1-3_Croc LINE/CR1          (628)   2977   2823  10  
  219   26.8  0.0  0.0  Me_chr2.fa   6548  6588 (43413) C L3         LINE/CR1          (261)   3838   3798  11  
  475   22.3  7.8  0.0  Me_chr2.fa   6693  6795 (43206) + MIRc       SINE/MIR             93    203   (65)  12  
  311   31.3  6.7  3.2  Me_chr2.fa   6955  7073 (42928) C L2a        LINE/L2             (0)   3426   3304  13  
  243   31.9  9.4  0.8  Me_chr2.fa   9616  9732 (40269) C L2a        LINE/L2             (4)   3422   3296  14  
  205   29.2  0.0  0.0  Me_chr2.fa  11645 11692 (38309) + L3         LINE/CR1           4045   4092    (7)  15  
  385   30.4  8.7  0.9  Me_chr2.fa  11868 12063 (37938) C L2d2       LINE/L2           (224)   3240   3030  16  
  507   30.9  1.9  0.0  Me_chr2.fa  12299 12473 (37528) C MIR3       SINE/MIR           (21)    187     14  17  
  255   36.0  5.2  2.5  Me_chr2.fa  12685 12875 (37126) + L2d        LINE/L2            2593   2788  (631)  18  
  228   29.3  0.0  0.0  Me_chr2.fa  12923 12980 (37021) + L2d        LINE/L2            2910   2967  (458)  18  
  272   26.1  2.3  0.0  Me_chr2.fa  13629 13716 (36285) C MamRep434  DNA/TcMar-Tigger    (7)    419    330  19  
  386   30.4  7.1  2.1  Me_chr2.fa  13718 13889 (36112) C L2d2       LINE/L2            (16)   3448   3206  20  
  292   16.2  0.0  0.0  Me_chr2.fa  14174 14327 (35674) C IMPB_01    Satellite        (2144)    404    251  21  
  204   32.3  8.4  2.6  Me_chr2.fa  15200 15342 (34659) C L2         LINE/L2          (2363)   1056    906  22  
  526   29.1  7.4  4.4  Me_chr2.fa  15344 15587 (34414) + MIRc       SINE/MIR             18    268    (0)  23  
  202   42.3  3.9  0.0  Me_chr2.fa  15792 15947 (34054) C L2         LINE/L2          (2912)    507    346  22  
  354   39.2  8.2  1.3  Me_chr2.fa  16271 16562 (33439) C L2d2       LINE/L2           (449)   2970   2659  20  
  313   29.3 16.1  3.4  Me_chr2.fa  17081 17391 (32610) + L2d2       LINE/L2            1325   1673 (1746)  24  
  351   20.7  0.0  3.3  Me_chr2.fa  17395 17489 (32512) C RLTR17B_Mm LTR/ERVK          (357)    445    354  25  
  579   20.1  1.4  8.8  Me_chr2.fa  17752 17898 (32103) C MIRc       SINE/MIR          (122)    146     10  26  
  723   20.4  1.4  0.0  Me_chr2.fa  17975 18116 (31885) + MIRc       SINE/MIR              3    146  (122)  27  
  729   33.4 13.6  1.6  Me_chr2.fa  18223 18842 (31159) + L2d2       LINE/L2            1919   2611  (808)  24  
  624   34.7 10.6  0.5  Me_chr2.fa  19049 19583 (30418) + L2d2       LINE/L2            2588   3196  (268)  24  
  266   34.1  1.2  1.2  Me_chr2.fa  19595 19677 (30324) + L2d2       LINE/L2            3272   3354   (33)  24  
  356   35.8  3.5  3.3  Me_chr2.fa  19724 20090 (29911) + Plat_L3    LINE/CR1           3195   3562   (11)  28  
  408   21.9  4.6 12.2  Me_chr2.fa  20096 20314 (29687) C MamRep434  DNA/TcMar-Tigger  (112)    314    111  19  
  291   22.2  0.8 19.5  Me_chr2.fa  21263 21396 (28605) + MIR        SINE/MIR            113    225   (37)  29  
  317   28.0  4.3  0.0  Me_chr2.fa  21432 21524 (28477) + L2a        LINE/L2            3330   3426    (0)  30  
  231   36.8  7.9  3.0  Me_chr2.fa  21667 21792 (28209) C MamRTE1    LINE/RTE-BovB    (1531)   2281   2150  31  
  478   27.5  5.4  1.7  Me_chr2.fa  22062 22205 (27796) + MIRc       SINE/MIR              2    148  (120)  32  
  394   21.4 17.1  2.0  Me_chr2.fa  22447 22575 (27426) C MIRc       SINE/MIR            (3)    265    118  33  
  207   21.1  0.0  0.0  Me_chr2.fa  28934 28971 (21030) C L2d        LINE/L2             (6)   3419   3382  34 *
  236   27.3  4.5  0.0  Me_chr2.fa  28938 29003 (20998) C L2d2       LINE/L2             (8)   3456   3388  35  
  532   24.2 15.4  0.5  Me_chr2.fa  29047 29218 (20783) C MIR3       SINE/MIR            (3)    205     19  36  
  419   32.1  1.4  9.3  Me_chr2.fa  29290 29509 (20492) + L3         LINE/CR1           2703   2906 (1193)  37  
  807   32.8  9.8  6.4  Me_chr2.fa  29812 30660 (19341) C L3         LINE/CR1         (1167)   2932   2057  38  
  734   16.4  1.9  2.6  Me_chr2.fa  31562 31717 (18284) + Charlie4a  DNA/hAT-Charlie     354    508    (0)  39  
  255   15.0  0.0  0.0  Me_chr2.fa  31752 31791 (18210) C EutTc1-N1  DNA/TcMar-Tc1      (64)    524    485  40  
  326    8.9  0.0  0.0  Me_chr2.fa  31812 31856 (18145) C EutTc1-N1  DNA/TcMar-Tc1     (543)     45      1  40  
  533   13.4 19.7  0.0  Me_chr2.fa  32415 32541 (17460) C Charlie4a  DNA/hAT-Charlie     (0)    508    357  41  
  399   31.8  8.5  2.1  Me_chr2.fa  33371 33547 (16454) + MIR3       SINE/MIR             14    201    (7)  42  
  234   22.6  0.0  9.2  Me_chr2.fa  33587 33669 (16332) C RLTR17B_Mm LTR/ERVK          (390)    412    337  43  
  236   25.0  3.3  0.0  Me_chr2.fa  33686 33745 (16256) + CR1_Mam    LINE/CR1           1595   1656  (548)  44  
  430   30.0  3.8  0.2  Me_chr2.fa  33802 33942 (16059) + MIRb       SINE/MIR             39    176   (32)  45  
  299   31.0  0.0 10.1  Me_chr2.fa  34494 34641 (15360) C MIRb       SINE/MIR           (39)    169     45  46  
  299   39.7  0.6  0.0  Me_chr2.fa  34678 34833 (15168) + L2         LINE/L2            2683   2839  (580)  47  
  194   29.6  1.6  3.7  Me_chr2.fa  34840 34911 (15090) C L3b        LINE/CR1          (614)   3485   3424  48  
  398   33.1 11.7  0.0  Me_chr2.fa  35349 35502 (14499) C MIRc       SINE/MIR           (75)    193     22  49  
  271   14.9  6.4  0.0  Me_chr2.fa  35689 35735 (14266) C Charlie4a  DNA/hAT-Charlie     (5)    503    454  50  
  431   12.3  0.0  4.1  Me_chr2.fa  35757 35832 (14169) C Charlie4a  DNA/hAT-Charlie   (378)    130     58  41  
  901   28.2  1.6  1.6  Me_chr2.fa  36045 36300 (13701) + MIRc       SINE/MIR              5    260    (8)  51  
  359   34.5 11.6  2.6  Me_chr2.fa  36761 37010 (12991) C Tigger19a  DNA/TcMar-Tigger    (3)    320     49  52  
  216   27.7  3.1  0.0  Me_chr2.fa  37234 37298 (12703) C MIR3       SINE/MIR            (0)    208    142  53  
  308   21.9  6.9  4.8  Me_chr2.fa  38099 38199 (11802) C Charlie4a  DNA/hAT-Charlie     (0)    508    406  54 *
  611   20.0  0.8  0.8  Me_chr2.fa  38180 38305 (11696) C Charlie4a  DNA/hAT-Charlie   (381)    127      2  54  
  565   18.8  0.0  3.6  Me_chr2.fa  38888 39003 (10998) C UCON33     DNA/TcMar-Tigger    (2)    318    207  55  
  392   23.5 16.2  0.3  Me_chr2.fa  39013 39179 (10822) + MIRc       SINE/MIR              2    197   (11)  56  
  263   33.0  4.7  0.9  Me_chr2.fa  41043 41149  (8852) C MIRc       SINE/MIR           (58)    210    100  57  
  531   30.3 12.6  1.6  Me_chr2.fa  41285 41633  (8368) C Mam_R4     LINE/Dong-R4      (136)   3673   3287  58  
  799   22.7  0.8  0.2  Me_chr2.fa  42401 42581  (7420) C MIRc       SINE/MIR           (21)    187      2  59  
  290   32.7 13.2  3.5  Me_chr2.fa  43175 43462  (6539) C L2c        LINE/L2             (3)   3384   3070  60 *
 1301   31.8 12.0  3.1  Me_chr2.fa  43443 44194  (5807) + L3         LINE/CR1           2649   3465  (634)  61  
  247   20.4  0.0  3.4  Me_chr2.fa  46244 46304  (3697) + MIR        SINE/MIR             65    123  (139)  62  
 1161   26.2  6.1  2.2  Me_chr2.fa  47819 48212  (1789) + L5         LINE/RTE-X         1855   2263    (0)  63  
  391   34.3  2.2  1.5  Me_chr2.fa  48392 48527  (1474) C MIR1_Amn   SINE/MIR           (76)    154     18  64  
  313   30.1  9.3  2.0  Me_chr2.fa  49619 49757   (244) + MIRc       SINE/MIR              7    155  (113)  65  
